{"C:\\Users\\oussa\\Desktop\\FlamenGnawa\\API\\src\\app.js": {"path":"C:\\Users\\oussa\\Desktop\\FlamenGnawa\\API\\src\\app.js","statementMap":{"0":{"start":{"line":1,"column":0},"end":{"line":1,"column":27}},"1":{"start":{"line":2,"column":16},"end":{"line":2,"column":34}},"2":{"start":{"line":4,"column":13},"end":{"line":4,"column":28}},"3":{"start":{"line":5,"column":12},"end":{"line":5,"column":21}},"4":{"start":{"line":6,"column":21},"end":{"line":6,"column":51}},"5":{"start":{"line":8,"column":18},"end":{"line":8,"column":40}},"6":{"start":{"line":9,"column":0},"end":{"line":9,"column":12}},"7":{"start":{"line":11,"column":0},"end":{"line":11,"column":40}},"8":{"start":{"line":12,"column":0},"end":{"line":12,"column":16}},"9":{"start":{"line":13,"column":0},"end":{"line":13,"column":22}},"10":{"start":{"line":15,"column":19},"end":{"line":15,"column":38}},"11":{"start":{"line":16,"column":0},"end":{"line":16,"column":28}},"12":{"start":{"line":18,"column":0},"end":{"line":18,"column":21}}},"fnMap":{},"branchMap":{},"s":{"0":4,"1":4,"2":4,"3":4,"4":4,"5":4,"6":4,"7":4,"8":4,"9":4,"10":4,"11":4,"12":4},"f":{},"b":{},"_coverageSchema":"1a1c01bbd47fc00a2c39e90264f33305004495a9","hash":"432bce06bdcdd0bee42010d451e4d71ef1568064"}
,"C:\\Users\\oussa\\Desktop\\FlamenGnawa\\API\\src\\config\\db.js": {"path":"C:\\Users\\oussa\\Desktop\\FlamenGnawa\\API\\src\\config\\db.js","statementMap":{"0":{"start":{"line":1,"column":17},"end":{"line":1,"column":36}},"1":{"start":{"line":2,"column":18},"end":{"line":9,"column":1}},"2":{"start":{"line":3,"column":4},"end":{"line":8,"column":5}},"3":{"start":{"line":4,"column":8},"end":{"line":5,"column":44}},"4":{"start":{"line":5,"column":18},"end":{"line":5,"column":43}},"5":{"start":{"line":7,"column":8},"end":{"line":7,"column":29}},"6":{"start":{"line":11,"column":0},"end":{"line":11,"column":26}}},"fnMap":{"0":{"name":"(anonymous_0)","decl":{"start":{"line":2,"column":18},"end":{"line":2,"column":19}},"loc":{"start":{"line":2,"column":29},"end":{"line":9,"column":1}},"line":2},"1":{"name":"(anonymous_1)","decl":{"start":{"line":5,"column":14},"end":{"line":5,"column":15}},"loc":{"start":{"line":5,"column":18},"end":{"line":5,"column":43}},"line":5}},"branchMap":{},"s":{"0":4,"1":4,"2":4,"3":4,"4":4,"5":0,"6":4},"f":{"0":4,"1":4},"b":{},"_coverageSchema":"1a1c01bbd47fc00a2c39e90264f33305004495a9","hash":"0400b8b05b9d4ce2896d95b62e51740d2832d5bd"}
,"C:\\Users\\oussa\\Desktop\\FlamenGnawa\\API\\src\\controllers\\blogController.js": {"path":"C:\\Users\\oussa\\Desktop\\FlamenGnawa\\API\\src\\controllers\\blogController.js","statementMap":{"0":{"start":{"line":1,"column":13},"end":{"line":1,"column":43}},"1":{"start":{"line":2,"column":21},"end":{"line":2,"column":53}},"2":{"start":{"line":4,"column":0},"end":{"line":14,"column":2}},"3":{"start":{"line":5,"column":2},"end":{"line":13,"column":3}},"4":{"start":{"line":6,"column":18},"end":{"line":6,"column":55}},"5":{"start":{"line":7,"column":4},"end":{"line":10,"column":7}},"6":{"start":{"line":12,"column":4},"end":{"line":12,"column":16}},"7":{"start":{"line":16,"column":0},"end":{"line":31,"column":2}},"8":{"start":{"line":17,"column":2},"end":{"line":30,"column":3}},"9":{"start":{"line":18,"column":19},"end":{"line":18,"column":32}},"10":{"start":{"line":19,"column":17},"end":{"line":19,"column":72}},"11":{"start":{"line":21,"column":4},"end":{"line":23,"column":5}},"12":{"start":{"line":22,"column":6},"end":{"line":22,"column":62}},"13":{"start":{"line":24,"column":4},"end":{"line":27,"column":7}},"14":{"start":{"line":29,"column":4},"end":{"line":29,"column":16}},"15":{"start":{"line":33,"column":0},"end":{"line":49,"column":2}},"16":{"start":{"line":34,"column":2},"end":{"line":48,"column":3}},"17":{"start":{"line":35,"column":17},"end":{"line":40,"column":5}},"18":{"start":{"line":41,"column":17},"end":{"line":41,"column":40}},"19":{"start":{"line":42,"column":4},"end":{"line":45,"column":7}},"20":{"start":{"line":47,"column":4},"end":{"line":47,"column":16}},"21":{"start":{"line":51,"column":0},"end":{"line":70,"column":2}},"22":{"start":{"line":52,"column":2},"end":{"line":69,"column":3}},"23":{"start":{"line":53,"column":19},"end":{"line":53,"column":32}},"24":{"start":{"line":54,"column":24},"end":{"line":54,"column":59}},"25":{"start":{"line":55,"column":17},"end":{"line":59,"column":5}},"26":{"start":{"line":60,"column":24},"end":{"line":62,"column":6}},"27":{"start":{"line":63,"column":4},"end":{"line":66,"column":7}},"28":{"start":{"line":68,"column":4},"end":{"line":68,"column":16}},"29":{"start":{"line":72,"column":0},"end":{"line":87,"column":2}},"30":{"start":{"line":73,"column":2},"end":{"line":86,"column":3}},"31":{"start":{"line":74,"column":19},"end":{"line":74,"column":32}},"32":{"start":{"line":76,"column":17},"end":{"line":76,"column":61}},"33":{"start":{"line":77,"column":4},"end":{"line":79,"column":5}},"34":{"start":{"line":78,"column":6},"end":{"line":78,"column":62}},"35":{"start":{"line":80,"column":4},"end":{"line":83,"column":7}},"36":{"start":{"line":85,"column":4},"end":{"line":85,"column":16}},"37":{"start":{"line":89,"column":0},"end":{"line":107,"column":2}},"38":{"start":{"line":90,"column":2},"end":{"line":106,"column":3}},"39":{"start":{"line":91,"column":19},"end":{"line":91,"column":32}},"40":{"start":{"line":92,"column":17},"end":{"line":96,"column":5}},"41":{"start":{"line":97,"column":4},"end":{"line":99,"column":5}},"42":{"start":{"line":98,"column":6},"end":{"line":98,"column":62}},"43":{"start":{"line":100,"column":4},"end":{"line":103,"column":7}},"44":{"start":{"line":105,"column":4},"end":{"line":105,"column":16}},"45":{"start":{"line":109,"column":0},"end":{"line":127,"column":2}},"46":{"start":{"line":110,"column":2},"end":{"line":126,"column":3}},"47":{"start":{"line":111,"column":19},"end":{"line":111,"column":32}},"48":{"start":{"line":112,"column":17},"end":{"line":116,"column":5}},"49":{"start":{"line":117,"column":4},"end":{"line":119,"column":5}},"50":{"start":{"line":118,"column":6},"end":{"line":118,"column":62}},"51":{"start":{"line":120,"column":4},"end":{"line":123,"column":7}},"52":{"start":{"line":125,"column":4},"end":{"line":125,"column":16}},"53":{"start":{"line":129,"column":0},"end":{"line":151,"column":2}},"54":{"start":{"line":130,"column":2},"end":{"line":150,"column":3}},"55":{"start":{"line":131,"column":19},"end":{"line":131,"column":32}},"56":{"start":{"line":132,"column":17},"end":{"line":143,"column":5}},"57":{"start":{"line":144,"column":4},"end":{"line":147,"column":7}},"58":{"start":{"line":149,"column":4},"end":{"line":149,"column":16}},"59":{"start":{"line":153,"column":0},"end":{"line":174,"column":2}},"60":{"start":{"line":154,"column":2},"end":{"line":173,"column":3}},"61":{"start":{"line":155,"column":19},"end":{"line":155,"column":32}},"62":{"start":{"line":156,"column":17},"end":{"line":166,"column":5}},"63":{"start":{"line":167,"column":4},"end":{"line":170,"column":7}},"64":{"start":{"line":172,"column":4},"end":{"line":172,"column":16}}},"fnMap":{"0":{"name":"(anonymous_0)","decl":{"start":{"line":4,"column":22},"end":{"line":4,"column":23}},"loc":{"start":{"line":4,"column":48},"end":{"line":14,"column":1}},"line":4},"1":{"name":"(anonymous_1)","decl":{"start":{"line":16,"column":22},"end":{"line":16,"column":23}},"loc":{"start":{"line":16,"column":48},"end":{"line":31,"column":1}},"line":16},"2":{"name":"(anonymous_2)","decl":{"start":{"line":33,"column":21},"end":{"line":33,"column":22}},"loc":{"start":{"line":33,"column":47},"end":{"line":49,"column":1}},"line":33},"3":{"name":"(anonymous_3)","decl":{"start":{"line":51,"column":21},"end":{"line":51,"column":22}},"loc":{"start":{"line":51,"column":47},"end":{"line":70,"column":1}},"line":51},"4":{"name":"(anonymous_4)","decl":{"start":{"line":72,"column":21},"end":{"line":72,"column":22}},"loc":{"start":{"line":72,"column":47},"end":{"line":87,"column":1}},"line":72},"5":{"name":"(anonymous_5)","decl":{"start":{"line":89,"column":19},"end":{"line":89,"column":20}},"loc":{"start":{"line":89,"column":45},"end":{"line":107,"column":1}},"line":89},"6":{"name":"(anonymous_6)","decl":{"start":{"line":109,"column":21},"end":{"line":109,"column":22}},"loc":{"start":{"line":109,"column":47},"end":{"line":127,"column":1}},"line":109},"7":{"name":"(anonymous_7)","decl":{"start":{"line":129,"column":21},"end":{"line":129,"column":22}},"loc":{"start":{"line":129,"column":47},"end":{"line":151,"column":1}},"line":129},"8":{"name":"(anonymous_8)","decl":{"start":{"line":153,"column":24},"end":{"line":153,"column":25}},"loc":{"start":{"line":153,"column":50},"end":{"line":174,"column":1}},"line":153}},"branchMap":{"0":{"loc":{"start":{"line":21,"column":4},"end":{"line":23,"column":5}},"type":"if","locations":[{"start":{"line":21,"column":4},"end":{"line":23,"column":5}},{"start":{},"end":{}}],"line":21},"1":{"loc":{"start":{"line":56,"column":13},"end":{"line":56,"column":48}},"type":"binary-expr","locations":[{"start":{"line":56,"column":13},"end":{"line":56,"column":27}},{"start":{"line":56,"column":31},"end":{"line":56,"column":48}}],"line":56},"2":{"loc":{"start":{"line":57,"column":19},"end":{"line":57,"column":66}},"type":"binary-expr","locations":[{"start":{"line":57,"column":19},"end":{"line":57,"column":39}},{"start":{"line":57,"column":43},"end":{"line":57,"column":66}}],"line":57},"3":{"loc":{"start":{"line":58,"column":15},"end":{"line":58,"column":54}},"type":"binary-expr","locations":[{"start":{"line":58,"column":15},"end":{"line":58,"column":31}},{"start":{"line":58,"column":35},"end":{"line":58,"column":54}}],"line":58},"4":{"loc":{"start":{"line":77,"column":4},"end":{"line":79,"column":5}},"type":"if","locations":[{"start":{"line":77,"column":4},"end":{"line":79,"column":5}},{"start":{},"end":{}}],"line":77},"5":{"loc":{"start":{"line":97,"column":4},"end":{"line":99,"column":5}},"type":"if","locations":[{"start":{"line":97,"column":4},"end":{"line":99,"column":5}},{"start":{},"end":{}}],"line":97},"6":{"loc":{"start":{"line":117,"column":4},"end":{"line":119,"column":5}},"type":"if","locations":[{"start":{"line":117,"column":4},"end":{"line":119,"column":5}},{"start":{},"end":{}}],"line":117}},"s":{"0":4,"1":4,"2":4,"3":1,"4":1,"5":1,"6":0,"7":4,"8":2,"9":2,"10":2,"11":2,"12":1,"13":1,"14":0,"15":4,"16":0,"17":0,"18":0,"19":0,"20":0,"21":4,"22":3,"23":3,"24":3,"25":3,"26":2,"27":2,"28":1,"29":4,"30":1,"31":1,"32":1,"33":1,"34":1,"35":0,"36":0,"37":4,"38":2,"39":2,"40":2,"41":2,"42":1,"43":1,"44":0,"45":4,"46":2,"47":2,"48":2,"49":2,"50":1,"51":1,"52":0,"53":4,"54":0,"55":0,"56":0,"57":0,"58":0,"59":4,"60":0,"61":0,"62":0,"63":0,"64":0},"f":{"0":1,"1":2,"2":0,"3":3,"4":1,"5":2,"6":2,"7":0,"8":0},"b":{"0":[1,1],"1":[3,1],"2":[3,2],"3":[2,1],"4":[1,0],"5":[1,1],"6":[1,1]},"_coverageSchema":"1a1c01bbd47fc00a2c39e90264f33305004495a9","hash":"37d354ee3d4181665784a74d5ab0e3db6fbeae7e"}
,"C:\\Users\\oussa\\Desktop\\FlamenGnawa\\API\\src\\controllers\\cartController.js": {"path":"C:\\Users\\oussa\\Desktop\\FlamenGnawa\\API\\src\\controllers\\cartController.js","statementMap":{"0":{"start":{"line":1,"column":21},"end":{"line":1,"column":53}},"1":{"start":{"line":2,"column":13},"end":{"line":2,"column":43}},"2":{"start":{"line":3,"column":16},"end":{"line":3,"column":49}},"3":{"start":{"line":5,"column":0},"end":{"line":22,"column":2}},"4":{"start":{"line":6,"column":2},"end":{"line":21,"column":3}},"5":{"start":{"line":7,"column":19},"end":{"line":7,"column":31}},"6":{"start":{"line":8,"column":17},"end":{"line":8,"column":79}},"7":{"start":{"line":9,"column":4},"end":{"line":14,"column":5}},"8":{"start":{"line":10,"column":6},"end":{"line":13,"column":9}},"9":{"start":{"line":15,"column":4},"end":{"line":18,"column":7}},"10":{"start":{"line":20,"column":4},"end":{"line":20,"column":16}},"11":{"start":{"line":24,"column":0},"end":{"line":52,"column":2}},"12":{"start":{"line":25,"column":2},"end":{"line":51,"column":3}},"13":{"start":{"line":26,"column":36},"end":{"line":26,"column":44}},"14":{"start":{"line":27,"column":19},"end":{"line":27,"column":31}},"15":{"start":{"line":28,"column":20},"end":{"line":28,"column":61}},"16":{"start":{"line":29,"column":4},"end":{"line":31,"column":5}},"17":{"start":{"line":30,"column":6},"end":{"line":30,"column":62}},"18":{"start":{"line":32,"column":15},"end":{"line":32,"column":51}},"19":{"start":{"line":33,"column":4},"end":{"line":35,"column":5}},"20":{"start":{"line":34,"column":6},"end":{"line":34,"column":60}},"21":{"start":{"line":36,"column":22},"end":{"line":38,"column":6}},"22":{"start":{"line":37,"column":6},"end":{"line":37,"column":60}},"23":{"start":{"line":39,"column":4},"end":{"line":43,"column":5}},"24":{"start":{"line":40,"column":6},"end":{"line":40,"column":49}},"25":{"start":{"line":42,"column":6},"end":{"line":42,"column":56}},"26":{"start":{"line":44,"column":4},"end":{"line":44,"column":22}},"27":{"start":{"line":45,"column":4},"end":{"line":48,"column":7}},"28":{"start":{"line":50,"column":4},"end":{"line":50,"column":16}},"29":{"start":{"line":54,"column":0},"end":{"line":85,"column":2}},"30":{"start":{"line":55,"column":2},"end":{"line":84,"column":3}},"31":{"start":{"line":56,"column":19},"end":{"line":56,"column":31}},"32":{"start":{"line":57,"column":22},"end":{"line":57,"column":35}},"33":{"start":{"line":58,"column":4},"end":{"line":58,"column":27}},"34":{"start":{"line":60,"column":15},"end":{"line":60,"column":51}},"35":{"start":{"line":62,"column":4},"end":{"line":64,"column":5}},"36":{"start":{"line":63,"column":6},"end":{"line":63,"column":59}},"37":{"start":{"line":66,"column":22},"end":{"line":68,"column":8}},"38":{"start":{"line":67,"column":8},"end":{"line":67,"column":62}},"39":{"start":{"line":70,"column":4},"end":{"line":72,"column":5}},"40":{"start":{"line":71,"column":6},"end":{"line":71,"column":71}},"41":{"start":{"line":74,"column":4},"end":{"line":74,"column":36}},"42":{"start":{"line":76,"column":4},"end":{"line":76,"column":22}},"43":{"start":{"line":78,"column":4},"end":{"line":81,"column":7}},"44":{"start":{"line":83,"column":4},"end":{"line":83,"column":16}}},"fnMap":{"0":{"name":"(anonymous_0)","decl":{"start":{"line":5,"column":30},"end":{"line":5,"column":31}},"loc":{"start":{"line":5,"column":56},"end":{"line":22,"column":1}},"line":5},"1":{"name":"(anonymous_1)","decl":{"start":{"line":24,"column":24},"end":{"line":24,"column":25}},"loc":{"start":{"line":24,"column":50},"end":{"line":52,"column":1}},"line":24},"2":{"name":"(anonymous_2)","decl":{"start":{"line":36,"column":43},"end":{"line":36,"column":44}},"loc":{"start":{"line":36,"column":53},"end":{"line":38,"column":5}},"line":36},"3":{"name":"(anonymous_3)","decl":{"start":{"line":54,"column":25},"end":{"line":54,"column":26}},"loc":{"start":{"line":54,"column":51},"end":{"line":85,"column":1}},"line":54},"4":{"name":"(anonymous_4)","decl":{"start":{"line":66,"column":43},"end":{"line":66,"column":44}},"loc":{"start":{"line":66,"column":53},"end":{"line":68,"column":7}},"line":66}},"branchMap":{"0":{"loc":{"start":{"line":9,"column":4},"end":{"line":14,"column":5}},"type":"if","locations":[{"start":{"line":9,"column":4},"end":{"line":14,"column":5}},{"start":{},"end":{}}],"line":9},"1":{"loc":{"start":{"line":29,"column":4},"end":{"line":31,"column":5}},"type":"if","locations":[{"start":{"line":29,"column":4},"end":{"line":31,"column":5}},{"start":{},"end":{}}],"line":29},"2":{"loc":{"start":{"line":33,"column":4},"end":{"line":35,"column":5}},"type":"if","locations":[{"start":{"line":33,"column":4},"end":{"line":35,"column":5}},{"start":{},"end":{}}],"line":33},"3":{"loc":{"start":{"line":37,"column":13},"end":{"line":37,"column":59}},"type":"binary-expr","locations":[{"start":{"line":37,"column":13},"end":{"line":37,"column":25}},{"start":{"line":37,"column":29},"end":{"line":37,"column":59}}],"line":37},"4":{"loc":{"start":{"line":39,"column":4},"end":{"line":43,"column":5}},"type":"if","locations":[{"start":{"line":39,"column":4},"end":{"line":43,"column":5}},{"start":{"line":41,"column":11},"end":{"line":43,"column":5}}],"line":39},"5":{"loc":{"start":{"line":62,"column":4},"end":{"line":64,"column":5}},"type":"if","locations":[{"start":{"line":62,"column":4},"end":{"line":64,"column":5}},{"start":{},"end":{}}],"line":62},"6":{"loc":{"start":{"line":67,"column":15},"end":{"line":67,"column":61}},"type":"binary-expr","locations":[{"start":{"line":67,"column":15},"end":{"line":67,"column":27}},{"start":{"line":67,"column":31},"end":{"line":67,"column":61}}],"line":67},"7":{"loc":{"start":{"line":70,"column":4},"end":{"line":72,"column":5}},"type":"if","locations":[{"start":{"line":70,"column":4},"end":{"line":72,"column":5}},{"start":{},"end":{}}],"line":70}},"s":{"0":4,"1":4,"2":4,"3":4,"4":0,"5":0,"6":0,"7":0,"8":0,"9":0,"10":0,"11":4,"12":0,"13":0,"14":0,"15":0,"16":0,"17":0,"18":0,"19":0,"20":0,"21":0,"22":0,"23":0,"24":0,"25":0,"26":0,"27":0,"28":0,"29":4,"30":0,"31":0,"32":0,"33":0,"34":0,"35":0,"36":0,"37":0,"38":0,"39":0,"40":0,"41":0,"42":0,"43":0,"44":0},"f":{"0":0,"1":0,"2":0,"3":0,"4":0},"b":{"0":[0,0],"1":[0,0],"2":[0,0],"3":[0,0],"4":[0,0],"5":[0,0],"6":[0,0],"7":[0,0]},"_coverageSchema":"1a1c01bbd47fc00a2c39e90264f33305004495a9","hash":"19720366a0d39af57fd92b79e99adae98707735b"}
,"C:\\Users\\oussa\\Desktop\\FlamenGnawa\\API\\src\\controllers\\categoryController.js": {"path":"C:\\Users\\oussa\\Desktop\\FlamenGnawa\\API\\src\\controllers\\categoryController.js","statementMap":{"0":{"start":{"line":1,"column":17},"end":{"line":1,"column":51}},"1":{"start":{"line":2,"column":21},"end":{"line":2,"column":53}},"2":{"start":{"line":4,"column":0},"end":{"line":14,"column":2}},"3":{"start":{"line":5,"column":2},"end":{"line":13,"column":3}},"4":{"start":{"line":6,"column":23},"end":{"line":6,"column":44}},"5":{"start":{"line":7,"column":4},"end":{"line":10,"column":7}},"6":{"start":{"line":12,"column":4},"end":{"line":12,"column":16}},"7":{"start":{"line":16,"column":0},"end":{"line":31,"column":2}},"8":{"start":{"line":17,"column":2},"end":{"line":30,"column":3}},"9":{"start":{"line":18,"column":23},"end":{"line":18,"column":36}},"10":{"start":{"line":19,"column":21},"end":{"line":19,"column":64}},"11":{"start":{"line":21,"column":4},"end":{"line":23,"column":5}},"12":{"start":{"line":22,"column":6},"end":{"line":22,"column":66}},"13":{"start":{"line":24,"column":4},"end":{"line":27,"column":7}},"14":{"start":{"line":29,"column":4},"end":{"line":29,"column":16}},"15":{"start":{"line":33,"column":0},"end":{"line":48,"column":2}},"16":{"start":{"line":34,"column":2},"end":{"line":47,"column":3}},"17":{"start":{"line":35,"column":17},"end":{"line":39,"column":5}},"18":{"start":{"line":40,"column":21},"end":{"line":40,"column":48}},"19":{"start":{"line":41,"column":4},"end":{"line":44,"column":7}},"20":{"start":{"line":46,"column":4},"end":{"line":46,"column":16}},"21":{"start":{"line":50,"column":0},"end":{"line":75,"column":2}},"22":{"start":{"line":51,"column":2},"end":{"line":74,"column":3}},"23":{"start":{"line":52,"column":23},"end":{"line":52,"column":36}},"24":{"start":{"line":53,"column":28},"end":{"line":53,"column":71}},"25":{"start":{"line":54,"column":4},"end":{"line":56,"column":5}},"26":{"start":{"line":55,"column":6},"end":{"line":55,"column":66}},"27":{"start":{"line":57,"column":17},"end":{"line":62,"column":5}},"28":{"start":{"line":63,"column":28},"end":{"line":67,"column":5}},"29":{"start":{"line":68,"column":4},"end":{"line":71,"column":7}},"30":{"start":{"line":73,"column":4},"end":{"line":73,"column":16}},"31":{"start":{"line":77,"column":0},"end":{"line":92,"column":2}},"32":{"start":{"line":78,"column":2},"end":{"line":91,"column":3}},"33":{"start":{"line":79,"column":23},"end":{"line":79,"column":36}},"34":{"start":{"line":81,"column":21},"end":{"line":81,"column":73}},"35":{"start":{"line":82,"column":4},"end":{"line":84,"column":5}},"36":{"start":{"line":83,"column":6},"end":{"line":83,"column":66}},"37":{"start":{"line":85,"column":4},"end":{"line":88,"column":7}},"38":{"start":{"line":90,"column":4},"end":{"line":90,"column":16}}},"fnMap":{"0":{"name":"(anonymous_0)","decl":{"start":{"line":4,"column":27},"end":{"line":4,"column":28}},"loc":{"start":{"line":4,"column":53},"end":{"line":14,"column":1}},"line":4},"1":{"name":"(anonymous_1)","decl":{"start":{"line":16,"column":26},"end":{"line":16,"column":27}},"loc":{"start":{"line":16,"column":52},"end":{"line":31,"column":1}},"line":16},"2":{"name":"(anonymous_2)","decl":{"start":{"line":33,"column":25},"end":{"line":33,"column":26}},"loc":{"start":{"line":33,"column":51},"end":{"line":48,"column":1}},"line":33},"3":{"name":"(anonymous_3)","decl":{"start":{"line":50,"column":25},"end":{"line":50,"column":26}},"loc":{"start":{"line":50,"column":51},"end":{"line":75,"column":1}},"line":50},"4":{"name":"(anonymous_4)","decl":{"start":{"line":77,"column":25},"end":{"line":77,"column":26}},"loc":{"start":{"line":77,"column":51},"end":{"line":92,"column":1}},"line":77}},"branchMap":{"0":{"loc":{"start":{"line":21,"column":4},"end":{"line":23,"column":5}},"type":"if","locations":[{"start":{"line":21,"column":4},"end":{"line":23,"column":5}},{"start":{},"end":{}}],"line":21},"1":{"loc":{"start":{"line":54,"column":4},"end":{"line":56,"column":5}},"type":"if","locations":[{"start":{"line":54,"column":4},"end":{"line":56,"column":5}},{"start":{},"end":{}}],"line":54},"2":{"loc":{"start":{"line":58,"column":12},"end":{"line":58,"column":49}},"type":"binary-expr","locations":[{"start":{"line":58,"column":12},"end":{"line":58,"column":25}},{"start":{"line":58,"column":29},"end":{"line":58,"column":49}}],"line":58},"3":{"loc":{"start":{"line":59,"column":19},"end":{"line":59,"column":70}},"type":"binary-expr","locations":[{"start":{"line":59,"column":19},"end":{"line":59,"column":39}},{"start":{"line":59,"column":43},"end":{"line":59,"column":70}}],"line":59},"4":{"loc":{"start":{"line":61,"column":8},"end":{"line":61,"column":67}},"type":"binary-expr","locations":[{"start":{"line":61,"column":8},"end":{"line":61,"column":32}},{"start":{"line":61,"column":36},"end":{"line":61,"column":67}}],"line":61},"5":{"loc":{"start":{"line":82,"column":4},"end":{"line":84,"column":5}},"type":"if","locations":[{"start":{"line":82,"column":4},"end":{"line":84,"column":5}},{"start":{},"end":{}}],"line":82}},"s":{"0":4,"1":4,"2":4,"3":1,"4":1,"5":1,"6":0,"7":4,"8":2,"9":2,"10":2,"11":2,"12":1,"13":1,"14":0,"15":4,"16":0,"17":0,"18":0,"19":0,"20":0,"21":4,"22":3,"23":3,"24":3,"25":3,"26":1,"27":2,"28":2,"29":2,"30":0,"31":4,"32":2,"33":2,"34":2,"35":2,"36":1,"37":1,"38":0},"f":{"0":1,"1":2,"2":0,"3":3,"4":2},"b":{"0":[1,1],"1":[1,2],"2":[2,1],"3":[2,1],"4":[2,1],"5":[1,1]},"_coverageSchema":"1a1c01bbd47fc00a2c39e90264f33305004495a9","hash":"9c6ddf5a728880e27850d1f648145f9d3fad6b0a"}
,"C:\\Users\\oussa\\Desktop\\FlamenGnawa\\API\\src\\controllers\\eventController.js": {"path":"C:\\Users\\oussa\\Desktop\\FlamenGnawa\\API\\src\\controllers\\eventController.js","statementMap":{"0":{"start":{"line":1,"column":14},"end":{"line":1,"column":45}},"1":{"start":{"line":2,"column":21},"end":{"line":2,"column":53}},"2":{"start":{"line":3,"column":17},"end":{"line":3,"column":36}},"3":{"start":{"line":5,"column":0},"end":{"line":15,"column":2}},"4":{"start":{"line":6,"column":2},"end":{"line":14,"column":3}},"5":{"start":{"line":7,"column":19},"end":{"line":7,"column":59}},"6":{"start":{"line":8,"column":4},"end":{"line":11,"column":7}},"7":{"start":{"line":13,"column":4},"end":{"line":13,"column":16}},"8":{"start":{"line":17,"column":0},"end":{"line":35,"column":2}},"9":{"start":{"line":18,"column":2},"end":{"line":34,"column":3}},"10":{"start":{"line":19,"column":20},"end":{"line":19,"column":33}},"11":{"start":{"line":20,"column":4},"end":{"line":22,"column":5}},"12":{"start":{"line":21,"column":8},"end":{"line":21,"column":68}},"13":{"start":{"line":23,"column":18},"end":{"line":23,"column":55}},"14":{"start":{"line":25,"column":4},"end":{"line":27,"column":5}},"15":{"start":{"line":26,"column":6},"end":{"line":26,"column":63}},"16":{"start":{"line":28,"column":4},"end":{"line":31,"column":7}},"17":{"start":{"line":33,"column":4},"end":{"line":33,"column":16}},"18":{"start":{"line":37,"column":0},"end":{"line":56,"column":2}},"19":{"start":{"line":38,"column":2},"end":{"line":55,"column":3}},"20":{"start":{"line":39,"column":17},"end":{"line":47,"column":5}},"21":{"start":{"line":48,"column":18},"end":{"line":48,"column":42}},"22":{"start":{"line":49,"column":4},"end":{"line":52,"column":7}},"23":{"start":{"line":54,"column":4},"end":{"line":54,"column":16}},"24":{"start":{"line":58,"column":0},"end":{"line":89,"column":2}},"25":{"start":{"line":59,"column":2},"end":{"line":88,"column":3}},"26":{"start":{"line":60,"column":20},"end":{"line":60,"column":33}},"27":{"start":{"line":61,"column":4},"end":{"line":63,"column":5}},"28":{"start":{"line":62,"column":8},"end":{"line":62,"column":68}},"29":{"start":{"line":64,"column":25},"end":{"line":64,"column":62}},"30":{"start":{"line":65,"column":4},"end":{"line":67,"column":5}},"31":{"start":{"line":66,"column":6},"end":{"line":66,"column":63}},"32":{"start":{"line":68,"column":17},"end":{"line":76,"column":5}},"33":{"start":{"line":77,"column":25},"end":{"line":81,"column":5}},"34":{"start":{"line":82,"column":4},"end":{"line":85,"column":7}},"35":{"start":{"line":87,"column":4},"end":{"line":87,"column":16}},"36":{"start":{"line":91,"column":0},"end":{"line":108,"column":2}},"37":{"start":{"line":92,"column":2},"end":{"line":107,"column":3}},"38":{"start":{"line":93,"column":20},"end":{"line":93,"column":33}},"39":{"start":{"line":94,"column":4},"end":{"line":96,"column":5}},"40":{"start":{"line":95,"column":8},"end":{"line":95,"column":68}},"41":{"start":{"line":97,"column":18},"end":{"line":97,"column":64}},"42":{"start":{"line":98,"column":4},"end":{"line":100,"column":5}},"43":{"start":{"line":99,"column":6},"end":{"line":99,"column":63}},"44":{"start":{"line":101,"column":4},"end":{"line":104,"column":7}},"45":{"start":{"line":106,"column":4},"end":{"line":106,"column":16}}},"fnMap":{"0":{"name":"(anonymous_0)","decl":{"start":{"line":5,"column":23},"end":{"line":5,"column":24}},"loc":{"start":{"line":5,"column":49},"end":{"line":15,"column":1}},"line":5},"1":{"name":"(anonymous_1)","decl":{"start":{"line":17,"column":23},"end":{"line":17,"column":24}},"loc":{"start":{"line":17,"column":49},"end":{"line":35,"column":1}},"line":17},"2":{"name":"(anonymous_2)","decl":{"start":{"line":37,"column":22},"end":{"line":37,"column":23}},"loc":{"start":{"line":37,"column":48},"end":{"line":56,"column":1}},"line":37},"3":{"name":"(anonymous_3)","decl":{"start":{"line":58,"column":22},"end":{"line":58,"column":23}},"loc":{"start":{"line":58,"column":48},"end":{"line":89,"column":1}},"line":58},"4":{"name":"(anonymous_4)","decl":{"start":{"line":91,"column":22},"end":{"line":91,"column":23}},"loc":{"start":{"line":91,"column":48},"end":{"line":108,"column":1}},"line":91}},"branchMap":{"0":{"loc":{"start":{"line":20,"column":4},"end":{"line":22,"column":5}},"type":"if","locations":[{"start":{"line":20,"column":4},"end":{"line":22,"column":5}},{"start":{},"end":{}}],"line":20},"1":{"loc":{"start":{"line":25,"column":4},"end":{"line":27,"column":5}},"type":"if","locations":[{"start":{"line":25,"column":4},"end":{"line":27,"column":5}},{"start":{},"end":{}}],"line":25},"2":{"loc":{"start":{"line":61,"column":4},"end":{"line":63,"column":5}},"type":"if","locations":[{"start":{"line":61,"column":4},"end":{"line":63,"column":5}},{"start":{},"end":{}}],"line":61},"3":{"loc":{"start":{"line":65,"column":4},"end":{"line":67,"column":5}},"type":"if","locations":[{"start":{"line":65,"column":4},"end":{"line":67,"column":5}},{"start":{},"end":{}}],"line":65},"4":{"loc":{"start":{"line":69,"column":13},"end":{"line":69,"column":49}},"type":"binary-expr","locations":[{"start":{"line":69,"column":13},"end":{"line":69,"column":27}},{"start":{"line":69,"column":31},"end":{"line":69,"column":49}}],"line":69},"5":{"loc":{"start":{"line":70,"column":20},"end":{"line":70,"column":70}},"type":"binary-expr","locations":[{"start":{"line":70,"column":20},"end":{"line":70,"column":41}},{"start":{"line":70,"column":45},"end":{"line":70,"column":70}}],"line":70},"6":{"loc":{"start":{"line":71,"column":19},"end":{"line":71,"column":67}},"type":"binary-expr","locations":[{"start":{"line":71,"column":19},"end":{"line":71,"column":39}},{"start":{"line":71,"column":43},"end":{"line":71,"column":67}}],"line":71},"7":{"loc":{"start":{"line":72,"column":17},"end":{"line":72,"column":61}},"type":"binary-expr","locations":[{"start":{"line":72,"column":17},"end":{"line":72,"column":35}},{"start":{"line":72,"column":39},"end":{"line":72,"column":61}}],"line":72},"8":{"loc":{"start":{"line":73,"column":16},"end":{"line":73,"column":58}},"type":"binary-expr","locations":[{"start":{"line":73,"column":16},"end":{"line":73,"column":33}},{"start":{"line":73,"column":37},"end":{"line":73,"column":58}}],"line":73},"9":{"loc":{"start":{"line":74,"column":13},"end":{"line":74,"column":49}},"type":"binary-expr","locations":[{"start":{"line":74,"column":13},"end":{"line":74,"column":27}},{"start":{"line":74,"column":31},"end":{"line":74,"column":49}}],"line":74},"10":{"loc":{"start":{"line":75,"column":15},"end":{"line":75,"column":55}},"type":"binary-expr","locations":[{"start":{"line":75,"column":15},"end":{"line":75,"column":31}},{"start":{"line":75,"column":35},"end":{"line":75,"column":55}}],"line":75},"11":{"loc":{"start":{"line":94,"column":4},"end":{"line":96,"column":5}},"type":"if","locations":[{"start":{"line":94,"column":4},"end":{"line":96,"column":5}},{"start":{},"end":{}}],"line":94},"12":{"loc":{"start":{"line":98,"column":4},"end":{"line":100,"column":5}},"type":"if","locations":[{"start":{"line":98,"column":4},"end":{"line":100,"column":5}},{"start":{},"end":{}}],"line":98}},"s":{"0":4,"1":4,"2":4,"3":4,"4":0,"5":0,"6":0,"7":0,"8":4,"9":0,"10":0,"11":0,"12":0,"13":0,"14":0,"15":0,"16":0,"17":0,"18":4,"19":0,"20":0,"21":0,"22":0,"23":0,"24":4,"25":0,"26":0,"27":0,"28":0,"29":0,"30":0,"31":0,"32":0,"33":0,"34":0,"35":0,"36":4,"37":0,"38":0,"39":0,"40":0,"41":0,"42":0,"43":0,"44":0,"45":0},"f":{"0":0,"1":0,"2":0,"3":0,"4":0},"b":{"0":[0,0],"1":[0,0],"2":[0,0],"3":[0,0],"4":[0,0],"5":[0,0],"6":[0,0],"7":[0,0],"8":[0,0],"9":[0,0],"10":[0,0],"11":[0,0],"12":[0,0]},"_coverageSchema":"1a1c01bbd47fc00a2c39e90264f33305004495a9","hash":"66d4ce5f41dd7ed00e16b3aaaad9368aed4fbc5b"}
,"C:\\Users\\oussa\\Desktop\\FlamenGnawa\\API\\src\\controllers\\memberController.js": {"path":"C:\\Users\\oussa\\Desktop\\FlamenGnawa\\API\\src\\controllers\\memberController.js","statementMap":{"0":{"start":{"line":1,"column":15},"end":{"line":1,"column":48}},"1":{"start":{"line":2,"column":13},"end":{"line":2,"column":43}},"2":{"start":{"line":3,"column":15},"end":{"line":3,"column":32}},"3":{"start":{"line":4,"column":21},"end":{"line":4,"column":53}},"4":{"start":{"line":6,"column":0},"end":{"line":16,"column":2}},"5":{"start":{"line":7,"column":2},"end":{"line":15,"column":3}},"6":{"start":{"line":8,"column":20},"end":{"line":8,"column":56}},"7":{"start":{"line":9,"column":4},"end":{"line":12,"column":7}},"8":{"start":{"line":14,"column":4},"end":{"line":14,"column":16}},"9":{"start":{"line":18,"column":0},"end":{"line":33,"column":2}},"10":{"start":{"line":19,"column":2},"end":{"line":32,"column":3}},"11":{"start":{"line":20,"column":21},"end":{"line":20,"column":34}},"12":{"start":{"line":21,"column":19},"end":{"line":21,"column":75}},"13":{"start":{"line":23,"column":4},"end":{"line":25,"column":5}},"14":{"start":{"line":24,"column":6},"end":{"line":24,"column":64}},"15":{"start":{"line":26,"column":4},"end":{"line":29,"column":7}},"16":{"start":{"line":31,"column":4},"end":{"line":31,"column":16}},"17":{"start":{"line":35,"column":0},"end":{"line":70,"column":2}},"18":{"start":{"line":36,"column":2},"end":{"line":69,"column":3}},"19":{"start":{"line":37,"column":21},"end":{"line":37,"column":34}},"20":{"start":{"line":38,"column":26},"end":{"line":38,"column":65}},"21":{"start":{"line":39,"column":4},"end":{"line":41,"column":5}},"22":{"start":{"line":40,"column":6},"end":{"line":40,"column":64}},"23":{"start":{"line":42,"column":19},"end":{"line":42,"column":37}},"24":{"start":{"line":43,"column":17},"end":{"line":43,"column":52}},"25":{"start":{"line":44,"column":4},"end":{"line":46,"column":5}},"26":{"start":{"line":45,"column":6},"end":{"line":45,"column":59}},"27":{"start":{"line":47,"column":21},"end":{"line":52,"column":5}},"28":{"start":{"line":53,"column":4},"end":{"line":53,"column":74}},"29":{"start":{"line":54,"column":23},"end":{"line":57,"column":5}},"30":{"start":{"line":58,"column":26},"end":{"line":62,"column":22}},"31":{"start":{"line":63,"column":4},"end":{"line":66,"column":7}},"32":{"start":{"line":68,"column":4},"end":{"line":68,"column":16}},"33":{"start":{"line":72,"column":0},"end":{"line":95,"column":2}},"34":{"start":{"line":73,"column":2},"end":{"line":94,"column":3}},"35":{"start":{"line":74,"column":21},"end":{"line":74,"column":34}},"36":{"start":{"line":75,"column":26},"end":{"line":75,"column":65}},"37":{"start":{"line":76,"column":4},"end":{"line":78,"column":5}},"38":{"start":{"line":77,"column":6},"end":{"line":77,"column":64}},"39":{"start":{"line":79,"column":19},"end":{"line":79,"column":37}},"40":{"start":{"line":80,"column":17},"end":{"line":80,"column":61}},"41":{"start":{"line":81,"column":4},"end":{"line":83,"column":5}},"42":{"start":{"line":82,"column":6},"end":{"line":82,"column":59}},"43":{"start":{"line":84,"column":19},"end":{"line":84,"column":67}},"44":{"start":{"line":85,"column":4},"end":{"line":87,"column":5}},"45":{"start":{"line":86,"column":6},"end":{"line":86,"column":64}},"46":{"start":{"line":88,"column":4},"end":{"line":91,"column":7}},"47":{"start":{"line":93,"column":4},"end":{"line":93,"column":16}}},"fnMap":{"0":{"name":"(anonymous_0)","decl":{"start":{"line":6,"column":24},"end":{"line":6,"column":25}},"loc":{"start":{"line":6,"column":50},"end":{"line":16,"column":1}},"line":6},"1":{"name":"(anonymous_1)","decl":{"start":{"line":18,"column":24},"end":{"line":18,"column":25}},"loc":{"start":{"line":18,"column":50},"end":{"line":33,"column":1}},"line":18},"2":{"name":"(anonymous_2)","decl":{"start":{"line":35,"column":23},"end":{"line":35,"column":24}},"loc":{"start":{"line":35,"column":49},"end":{"line":70,"column":1}},"line":35},"3":{"name":"(anonymous_3)","decl":{"start":{"line":72,"column":23},"end":{"line":72,"column":24}},"loc":{"start":{"line":72,"column":49},"end":{"line":95,"column":1}},"line":72}},"branchMap":{"0":{"loc":{"start":{"line":23,"column":4},"end":{"line":25,"column":5}},"type":"if","locations":[{"start":{"line":23,"column":4},"end":{"line":25,"column":5}},{"start":{},"end":{}}],"line":23},"1":{"loc":{"start":{"line":39,"column":4},"end":{"line":41,"column":5}},"type":"if","locations":[{"start":{"line":39,"column":4},"end":{"line":41,"column":5}},{"start":{},"end":{}}],"line":39},"2":{"loc":{"start":{"line":44,"column":4},"end":{"line":46,"column":5}},"type":"if","locations":[{"start":{"line":44,"column":4},"end":{"line":46,"column":5}},{"start":{},"end":{}}],"line":44},"3":{"loc":{"start":{"line":48,"column":18},"end":{"line":48,"column":55}},"type":"binary-expr","locations":[{"start":{"line":48,"column":18},"end":{"line":48,"column":36}},{"start":{"line":48,"column":40},"end":{"line":48,"column":55}}],"line":48},"4":{"loc":{"start":{"line":49,"column":17},"end":{"line":49,"column":52}},"type":"binary-expr","locations":[{"start":{"line":49,"column":17},"end":{"line":49,"column":34}},{"start":{"line":49,"column":38},"end":{"line":49,"column":52}}],"line":49},"5":{"loc":{"start":{"line":50,"column":22},"end":{"line":50,"column":68}},"type":"binary-expr","locations":[{"start":{"line":50,"column":22},"end":{"line":50,"column":45}},{"start":{"line":50,"column":49},"end":{"line":50,"column":68}}],"line":50},"6":{"loc":{"start":{"line":51,"column":13},"end":{"line":51,"column":41}},"type":"binary-expr","locations":[{"start":{"line":51,"column":13},"end":{"line":51,"column":27}},{"start":{"line":51,"column":31},"end":{"line":51,"column":41}}],"line":51},"7":{"loc":{"start":{"line":55,"column":13},"end":{"line":55,"column":50}},"type":"binary-expr","locations":[{"start":{"line":55,"column":13},"end":{"line":55,"column":27}},{"start":{"line":55,"column":31},"end":{"line":55,"column":50}}],"line":55},"8":{"loc":{"start":{"line":56,"column":18},"end":{"line":56,"column":65}},"type":"binary-expr","locations":[{"start":{"line":56,"column":18},"end":{"line":56,"column":37}},{"start":{"line":56,"column":41},"end":{"line":56,"column":65}}],"line":56},"9":{"loc":{"start":{"line":76,"column":4},"end":{"line":78,"column":5}},"type":"if","locations":[{"start":{"line":76,"column":4},"end":{"line":78,"column":5}},{"start":{},"end":{}}],"line":76},"10":{"loc":{"start":{"line":81,"column":4},"end":{"line":83,"column":5}},"type":"if","locations":[{"start":{"line":81,"column":4},"end":{"line":83,"column":5}},{"start":{},"end":{}}],"line":81},"11":{"loc":{"start":{"line":85,"column":4},"end":{"line":87,"column":5}},"type":"if","locations":[{"start":{"line":85,"column":4},"end":{"line":87,"column":5}},{"start":{},"end":{}}],"line":85}},"s":{"0":4,"1":4,"2":4,"3":4,"4":4,"5":0,"6":0,"7":0,"8":0,"9":4,"10":0,"11":0,"12":0,"13":0,"14":0,"15":0,"16":0,"17":4,"18":0,"19":0,"20":0,"21":0,"22":0,"23":0,"24":0,"25":0,"26":0,"27":0,"28":0,"29":0,"30":0,"31":0,"32":0,"33":4,"34":0,"35":0,"36":0,"37":0,"38":0,"39":0,"40":0,"41":0,"42":0,"43":0,"44":0,"45":0,"46":0,"47":0},"f":{"0":0,"1":0,"2":0,"3":0},"b":{"0":[0,0],"1":[0,0],"2":[0,0],"3":[0,0],"4":[0,0],"5":[0,0],"6":[0,0],"7":[0,0],"8":[0,0],"9":[0,0],"10":[0,0],"11":[0,0]},"_coverageSchema":"1a1c01bbd47fc00a2c39e90264f33305004495a9","hash":"5cc3bba2a6ef4383a4a66a3070f5197ad9ef16b1"}
,"C:\\Users\\oussa\\Desktop\\FlamenGnawa\\API\\src\\controllers\\orderController.js": {"path":"C:\\Users\\oussa\\Desktop\\FlamenGnawa\\API\\src\\controllers\\orderController.js","statementMap":{"0":{"start":{"line":1,"column":14},"end":{"line":1,"column":45}},"1":{"start":{"line":2,"column":17},"end":{"line":2,"column":47}},"2":{"start":{"line":3,"column":21},"end":{"line":3,"column":53}},"3":{"start":{"line":4,"column":17},"end":{"line":4,"column":36}},"4":{"start":{"line":6,"column":0},"end":{"line":18,"column":2}},"5":{"start":{"line":7,"column":2},"end":{"line":17,"column":3}},"6":{"start":{"line":8,"column":19},"end":{"line":10,"column":32}},"7":{"start":{"line":11,"column":4},"end":{"line":14,"column":7}},"8":{"start":{"line":16,"column":4},"end":{"line":16,"column":16}},"9":{"start":{"line":20,"column":0},"end":{"line":46,"column":2}},"10":{"start":{"line":21,"column":2},"end":{"line":45,"column":3}},"11":{"start":{"line":22,"column":20},"end":{"line":22,"column":33}},"12":{"start":{"line":23,"column":4},"end":{"line":25,"column":5}},"13":{"start":{"line":24,"column":6},"end":{"line":24,"column":65}},"14":{"start":{"line":26,"column":18},"end":{"line":34,"column":8}},"15":{"start":{"line":36,"column":4},"end":{"line":38,"column":5}},"16":{"start":{"line":37,"column":6},"end":{"line":37,"column":63}},"17":{"start":{"line":39,"column":4},"end":{"line":42,"column":7}},"18":{"start":{"line":44,"column":4},"end":{"line":44,"column":16}},"19":{"start":{"line":48,"column":0},"end":{"line":81,"column":2}},"20":{"start":{"line":49,"column":2},"end":{"line":80,"column":3}},"21":{"start":{"line":50,"column":15},"end":{"line":50,"column":23}},"22":{"start":{"line":51,"column":24},"end":{"line":60,"column":5}},"23":{"start":{"line":53,"column":23},"end":{"line":56,"column":10}},"24":{"start":{"line":57,"column":8},"end":{"line":57,"column":41}},"25":{"start":{"line":58,"column":8},"end":{"line":58,"column":28}},"26":{"start":{"line":61,"column":32},"end":{"line":61,"column":49}},"27":{"start":{"line":63,"column":17},"end":{"line":72,"column":5}},"28":{"start":{"line":73,"column":18},"end":{"line":73,"column":42}},"29":{"start":{"line":74,"column":4},"end":{"line":77,"column":7}},"30":{"start":{"line":79,"column":4},"end":{"line":79,"column":16}},"31":{"start":{"line":83,"column":0},"end":{"line":108,"column":2}},"32":{"start":{"line":84,"column":2},"end":{"line":107,"column":3}},"33":{"start":{"line":85,"column":20},"end":{"line":85,"column":33}},"34":{"start":{"line":86,"column":4},"end":{"line":88,"column":5}},"35":{"start":{"line":87,"column":6},"end":{"line":87,"column":65}},"36":{"start":{"line":89,"column":25},"end":{"line":89,"column":62}},"37":{"start":{"line":90,"column":4},"end":{"line":92,"column":5}},"38":{"start":{"line":91,"column":6},"end":{"line":91,"column":63}},"39":{"start":{"line":93,"column":17},"end":{"line":96,"column":5}},"40":{"start":{"line":97,"column":18},"end":{"line":97,"column":77}},"41":{"start":{"line":98,"column":4},"end":{"line":100,"column":5}},"42":{"start":{"line":99,"column":6},"end":{"line":99,"column":63}},"43":{"start":{"line":101,"column":4},"end":{"line":104,"column":7}},"44":{"start":{"line":106,"column":4},"end":{"line":106,"column":16}},"45":{"start":{"line":110,"column":0},"end":{"line":127,"column":2}},"46":{"start":{"line":111,"column":2},"end":{"line":126,"column":3}},"47":{"start":{"line":112,"column":20},"end":{"line":112,"column":33}},"48":{"start":{"line":113,"column":4},"end":{"line":115,"column":5}},"49":{"start":{"line":114,"column":6},"end":{"line":114,"column":65}},"50":{"start":{"line":116,"column":18},"end":{"line":116,"column":56}},"51":{"start":{"line":117,"column":4},"end":{"line":119,"column":5}},"52":{"start":{"line":118,"column":6},"end":{"line":118,"column":63}},"53":{"start":{"line":120,"column":4},"end":{"line":123,"column":7}},"54":{"start":{"line":125,"column":4},"end":{"line":125,"column":16}}},"fnMap":{"0":{"name":"(anonymous_0)","decl":{"start":{"line":6,"column":23},"end":{"line":6,"column":24}},"loc":{"start":{"line":6,"column":49},"end":{"line":18,"column":1}},"line":6},"1":{"name":"(anonymous_1)","decl":{"start":{"line":20,"column":23},"end":{"line":20,"column":24}},"loc":{"start":{"line":20,"column":49},"end":{"line":46,"column":1}},"line":20},"2":{"name":"(anonymous_2)","decl":{"start":{"line":48,"column":22},"end":{"line":48,"column":23}},"loc":{"start":{"line":48,"column":48},"end":{"line":81,"column":1}},"line":48},"3":{"name":"(anonymous_3)","decl":{"start":{"line":52,"column":24},"end":{"line":52,"column":25}},"loc":{"start":{"line":52,"column":40},"end":{"line":59,"column":7}},"line":52},"4":{"name":"(anonymous_4)","decl":{"start":{"line":83,"column":22},"end":{"line":83,"column":23}},"loc":{"start":{"line":83,"column":48},"end":{"line":108,"column":1}},"line":83},"5":{"name":"(anonymous_5)","decl":{"start":{"line":110,"column":22},"end":{"line":110,"column":23}},"loc":{"start":{"line":110,"column":48},"end":{"line":127,"column":1}},"line":110}},"branchMap":{"0":{"loc":{"start":{"line":23,"column":4},"end":{"line":25,"column":5}},"type":"if","locations":[{"start":{"line":23,"column":4},"end":{"line":25,"column":5}},{"start":{},"end":{}}],"line":23},"1":{"loc":{"start":{"line":36,"column":4},"end":{"line":38,"column":5}},"type":"if","locations":[{"start":{"line":36,"column":4},"end":{"line":38,"column":5}},{"start":{},"end":{}}],"line":36},"2":{"loc":{"start":{"line":86,"column":4},"end":{"line":88,"column":5}},"type":"if","locations":[{"start":{"line":86,"column":4},"end":{"line":88,"column":5}},{"start":{},"end":{}}],"line":86},"3":{"loc":{"start":{"line":90,"column":4},"end":{"line":92,"column":5}},"type":"if","locations":[{"start":{"line":90,"column":4},"end":{"line":92,"column":5}},{"start":{},"end":{}}],"line":90},"4":{"loc":{"start":{"line":94,"column":14},"end":{"line":94,"column":52}},"type":"binary-expr","locations":[{"start":{"line":94,"column":14},"end":{"line":94,"column":29}},{"start":{"line":94,"column":33},"end":{"line":94,"column":52}}],"line":94},"5":{"loc":{"start":{"line":95,"column":20},"end":{"line":95,"column":70}},"type":"binary-expr","locations":[{"start":{"line":95,"column":20},"end":{"line":95,"column":41}},{"start":{"line":95,"column":45},"end":{"line":95,"column":70}}],"line":95},"6":{"loc":{"start":{"line":98,"column":4},"end":{"line":100,"column":5}},"type":"if","locations":[{"start":{"line":98,"column":4},"end":{"line":100,"column":5}},{"start":{},"end":{}}],"line":98},"7":{"loc":{"start":{"line":113,"column":4},"end":{"line":115,"column":5}},"type":"if","locations":[{"start":{"line":113,"column":4},"end":{"line":115,"column":5}},{"start":{},"end":{}}],"line":113},"8":{"loc":{"start":{"line":117,"column":4},"end":{"line":119,"column":5}},"type":"if","locations":[{"start":{"line":117,"column":4},"end":{"line":119,"column":5}},{"start":{},"end":{}}],"line":117}},"s":{"0":4,"1":4,"2":4,"3":4,"4":4,"5":0,"6":0,"7":0,"8":0,"9":4,"10":0,"11":0,"12":0,"13":0,"14":0,"15":0,"16":0,"17":0,"18":0,"19":4,"20":0,"21":0,"22":0,"23":0,"24":0,"25":0,"26":0,"27":0,"28":0,"29":0,"30":0,"31":4,"32":0,"33":0,"34":0,"35":0,"36":0,"37":0,"38":0,"39":0,"40":0,"41":0,"42":0,"43":0,"44":0,"45":4,"46":0,"47":0,"48":0,"49":0,"50":0,"51":0,"52":0,"53":0,"54":0},"f":{"0":0,"1":0,"2":0,"3":0,"4":0,"5":0},"b":{"0":[0,0],"1":[0,0],"2":[0,0],"3":[0,0],"4":[0,0],"5":[0,0],"6":[0,0],"7":[0,0],"8":[0,0]},"_coverageSchema":"1a1c01bbd47fc00a2c39e90264f33305004495a9","hash":"22e180a7a07ea2f495ff6823417af57d6a1bbde6"}
,"C:\\Users\\oussa\\Desktop\\FlamenGnawa\\API\\src\\controllers\\productController.js": {"path":"C:\\Users\\oussa\\Desktop\\FlamenGnawa\\API\\src\\controllers\\productController.js","statementMap":{"0":{"start":{"line":1,"column":16},"end":{"line":1,"column":49}},"1":{"start":{"line":2,"column":17},"end":{"line":2,"column":51}},"2":{"start":{"line":3,"column":21},"end":{"line":3,"column":53}},"3":{"start":{"line":5,"column":0},"end":{"line":15,"column":2}},"4":{"start":{"line":6,"column":2},"end":{"line":14,"column":3}},"5":{"start":{"line":7,"column":21},"end":{"line":7,"column":62}},"6":{"start":{"line":8,"column":4},"end":{"line":11,"column":7}},"7":{"start":{"line":13,"column":4},"end":{"line":13,"column":16}},"8":{"start":{"line":17,"column":0},"end":{"line":41,"column":2}},"9":{"start":{"line":18,"column":2},"end":{"line":40,"column":3}},"10":{"start":{"line":19,"column":22},"end":{"line":19,"column":35}},"11":{"start":{"line":20,"column":20},"end":{"line":22,"column":5}},"12":{"start":{"line":24,"column":4},"end":{"line":26,"column":5}},"13":{"start":{"line":25,"column":6},"end":{"line":25,"column":65}},"14":{"start":{"line":28,"column":23},"end":{"line":28,"column":43}},"15":{"start":{"line":29,"column":28},"end":{"line":32,"column":27}},"16":{"start":{"line":33,"column":4},"end":{"line":37,"column":7}},"17":{"start":{"line":39,"column":4},"end":{"line":39,"column":16}},"18":{"start":{"line":43,"column":0},"end":{"line":67,"column":2}},"19":{"start":{"line":44,"column":2},"end":{"line":66,"column":3}},"20":{"start":{"line":45,"column":23},"end":{"line":45,"column":40}},"21":{"start":{"line":46,"column":21},"end":{"line":46,"column":64}},"22":{"start":{"line":47,"column":4},"end":{"line":49,"column":5}},"23":{"start":{"line":48,"column":6},"end":{"line":48,"column":63}},"24":{"start":{"line":50,"column":17},"end":{"line":58,"column":5}},"25":{"start":{"line":59,"column":20},"end":{"line":59,"column":46}},"26":{"start":{"line":60,"column":4},"end":{"line":63,"column":7}},"27":{"start":{"line":65,"column":4},"end":{"line":65,"column":16}},"28":{"start":{"line":69,"column":0},"end":{"line":102,"column":2}},"29":{"start":{"line":70,"column":2},"end":{"line":101,"column":3}},"30":{"start":{"line":71,"column":22},"end":{"line":71,"column":35}},"31":{"start":{"line":72,"column":27},"end":{"line":72,"column":68}},"32":{"start":{"line":73,"column":4},"end":{"line":75,"column":5}},"33":{"start":{"line":74,"column":6},"end":{"line":74,"column":65}},"34":{"start":{"line":76,"column":23},"end":{"line":76,"column":67}},"35":{"start":{"line":77,"column":21},"end":{"line":77,"column":64}},"36":{"start":{"line":78,"column":4},"end":{"line":80,"column":5}},"37":{"start":{"line":79,"column":6},"end":{"line":79,"column":63}},"38":{"start":{"line":81,"column":17},"end":{"line":89,"column":5}},"39":{"start":{"line":90,"column":27},"end":{"line":94,"column":26}},"40":{"start":{"line":95,"column":4},"end":{"line":98,"column":7}},"41":{"start":{"line":100,"column":4},"end":{"line":100,"column":16}},"42":{"start":{"line":104,"column":0},"end":{"line":119,"column":2}},"43":{"start":{"line":105,"column":2},"end":{"line":118,"column":3}},"44":{"start":{"line":106,"column":22},"end":{"line":106,"column":35}},"45":{"start":{"line":108,"column":20},"end":{"line":108,"column":70}},"46":{"start":{"line":109,"column":4},"end":{"line":111,"column":5}},"47":{"start":{"line":110,"column":6},"end":{"line":110,"column":65}},"48":{"start":{"line":112,"column":4},"end":{"line":115,"column":7}},"49":{"start":{"line":117,"column":4},"end":{"line":117,"column":16}}},"fnMap":{"0":{"name":"(anonymous_0)","decl":{"start":{"line":5,"column":25},"end":{"line":5,"column":26}},"loc":{"start":{"line":5,"column":51},"end":{"line":15,"column":1}},"line":5},"1":{"name":"(anonymous_1)","decl":{"start":{"line":17,"column":25},"end":{"line":17,"column":26}},"loc":{"start":{"line":17,"column":51},"end":{"line":41,"column":1}},"line":17},"2":{"name":"(anonymous_2)","decl":{"start":{"line":43,"column":24},"end":{"line":43,"column":25}},"loc":{"start":{"line":43,"column":50},"end":{"line":67,"column":1}},"line":43},"3":{"name":"(anonymous_3)","decl":{"start":{"line":69,"column":24},"end":{"line":69,"column":25}},"loc":{"start":{"line":69,"column":50},"end":{"line":102,"column":1}},"line":69},"4":{"name":"(anonymous_4)","decl":{"start":{"line":104,"column":24},"end":{"line":104,"column":25}},"loc":{"start":{"line":104,"column":50},"end":{"line":119,"column":1}},"line":104}},"branchMap":{"0":{"loc":{"start":{"line":24,"column":4},"end":{"line":26,"column":5}},"type":"if","locations":[{"start":{"line":24,"column":4},"end":{"line":26,"column":5}},{"start":{},"end":{}}],"line":24},"1":{"loc":{"start":{"line":47,"column":4},"end":{"line":49,"column":5}},"type":"if","locations":[{"start":{"line":47,"column":4},"end":{"line":49,"column":5}},{"start":{},"end":{}}],"line":47},"2":{"loc":{"start":{"line":73,"column":4},"end":{"line":75,"column":5}},"type":"if","locations":[{"start":{"line":73,"column":4},"end":{"line":75,"column":5}},{"start":{},"end":{}}],"line":73},"3":{"loc":{"start":{"line":76,"column":23},"end":{"line":76,"column":67}},"type":"binary-expr","locations":[{"start":{"line":76,"column":23},"end":{"line":76,"column":40}},{"start":{"line":76,"column":44},"end":{"line":76,"column":67}}],"line":76},"4":{"loc":{"start":{"line":78,"column":4},"end":{"line":80,"column":5}},"type":"if","locations":[{"start":{"line":78,"column":4},"end":{"line":80,"column":5}},{"start":{},"end":{}}],"line":78},"5":{"loc":{"start":{"line":82,"column":13},"end":{"line":82,"column":51}},"type":"binary-expr","locations":[{"start":{"line":82,"column":13},"end":{"line":82,"column":27}},{"start":{"line":82,"column":31},"end":{"line":82,"column":51}}],"line":82},"6":{"loc":{"start":{"line":83,"column":19},"end":{"line":83,"column":69}},"type":"binary-expr","locations":[{"start":{"line":83,"column":19},"end":{"line":83,"column":39}},{"start":{"line":83,"column":43},"end":{"line":83,"column":69}}],"line":83},"7":{"loc":{"start":{"line":84,"column":13},"end":{"line":84,"column":51}},"type":"binary-expr","locations":[{"start":{"line":84,"column":13},"end":{"line":84,"column":27}},{"start":{"line":84,"column":31},"end":{"line":84,"column":51}}],"line":84},"8":{"loc":{"start":{"line":85,"column":16},"end":{"line":85,"column":60}},"type":"binary-expr","locations":[{"start":{"line":85,"column":16},"end":{"line":85,"column":33}},{"start":{"line":85,"column":37},"end":{"line":85,"column":60}}],"line":85},"9":{"loc":{"start":{"line":86,"column":17},"end":{"line":86,"column":63}},"type":"binary-expr","locations":[{"start":{"line":86,"column":17},"end":{"line":86,"column":35}},{"start":{"line":86,"column":39},"end":{"line":86,"column":63}}],"line":86},"10":{"loc":{"start":{"line":87,"column":22},"end":{"line":87,"column":78}},"type":"binary-expr","locations":[{"start":{"line":87,"column":22},"end":{"line":87,"column":45}},{"start":{"line":87,"column":49},"end":{"line":87,"column":78}}],"line":87},"11":{"loc":{"start":{"line":88,"column":16},"end":{"line":88,"column":60}},"type":"binary-expr","locations":[{"start":{"line":88,"column":16},"end":{"line":88,"column":33}},{"start":{"line":88,"column":37},"end":{"line":88,"column":60}}],"line":88},"12":{"loc":{"start":{"line":109,"column":4},"end":{"line":111,"column":5}},"type":"if","locations":[{"start":{"line":109,"column":4},"end":{"line":111,"column":5}},{"start":{},"end":{}}],"line":109}},"s":{"0":4,"1":4,"2":4,"3":4,"4":1,"5":1,"6":1,"7":0,"8":4,"9":0,"10":0,"11":0,"12":0,"13":0,"14":0,"15":0,"16":0,"17":0,"18":4,"19":0,"20":0,"21":0,"22":0,"23":0,"24":0,"25":0,"26":0,"27":0,"28":4,"29":0,"30":0,"31":0,"32":0,"33":0,"34":0,"35":0,"36":0,"37":0,"38":0,"39":0,"40":0,"41":0,"42":4,"43":1,"44":1,"45":1,"46":1,"47":1,"48":0,"49":0},"f":{"0":1,"1":0,"2":0,"3":0,"4":1},"b":{"0":[0,0],"1":[0,0],"2":[0,0],"3":[0,0],"4":[0,0],"5":[0,0],"6":[0,0],"7":[0,0],"8":[0,0],"9":[0,0],"10":[0,0],"11":[0,0],"12":[1,0]},"_coverageSchema":"1a1c01bbd47fc00a2c39e90264f33305004495a9","hash":"c223725f30d5b0fe500b2ef202011e8e24c1ba85"}
,"C:\\Users\\oussa\\Desktop\\FlamenGnawa\\API\\src\\controllers\\userController.js": {"path":"C:\\Users\\oussa\\Desktop\\FlamenGnawa\\API\\src\\controllers\\userController.js","statementMap":{"0":{"start":{"line":1,"column":13},"end":{"line":1,"column":43}},"1":{"start":{"line":2,"column":15},"end":{"line":2,"column":48}},"2":{"start":{"line":3,"column":21},"end":{"line":3,"column":53}},"3":{"start":{"line":5,"column":0},"end":{"line":39,"column":2}},"4":{"start":{"line":6,"column":20},"end":{"line":6,"column":28}},"5":{"start":{"line":7,"column":21},"end":{"line":7,"column":50}},"6":{"start":{"line":9,"column":2},"end":{"line":11,"column":3}},"7":{"start":{"line":10,"column":4},"end":{"line":10,"column":60}},"8":{"start":{"line":12,"column":15},"end":{"line":20,"column":3}},"9":{"start":{"line":21,"column":2},"end":{"line":38,"column":3}},"10":{"start":{"line":23,"column":4},"end":{"line":23,"column":35}},"11":{"start":{"line":24,"column":4},"end":{"line":31,"column":5}},"12":{"start":{"line":25,"column":25},"end":{"line":29,"column":7}},"13":{"start":{"line":30,"column":6},"end":{"line":30,"column":38}},"14":{"start":{"line":32,"column":4},"end":{"line":35,"column":7}},"15":{"start":{"line":37,"column":4},"end":{"line":37,"column":16}},"16":{"start":{"line":41,"column":0},"end":{"line":63,"column":2}},"17":{"start":{"line":42,"column":2},"end":{"line":62,"column":3}},"18":{"start":{"line":43,"column":32},"end":{"line":43,"column":40}},"19":{"start":{"line":44,"column":4},"end":{"line":46,"column":5}},"20":{"start":{"line":45,"column":6},"end":{"line":45,"column":78}},"21":{"start":{"line":47,"column":4},"end":{"line":49,"column":5}},"22":{"start":{"line":48,"column":6},"end":{"line":48,"column":63}},"23":{"start":{"line":50,"column":17},"end":{"line":50,"column":46}},"24":{"start":{"line":51,"column":4},"end":{"line":53,"column":5}},"25":{"start":{"line":52,"column":6},"end":{"line":52,"column":70}},"26":{"start":{"line":54,"column":20},"end":{"line":54,"column":56}},"27":{"start":{"line":55,"column":4},"end":{"line":57,"column":5}},"28":{"start":{"line":56,"column":6},"end":{"line":56,"column":70}},"29":{"start":{"line":59,"column":4},"end":{"line":59,"column":30}},"30":{"start":{"line":61,"column":4},"end":{"line":61,"column":16}},"31":{"start":{"line":65,"column":18},"end":{"line":72,"column":1}},"32":{"start":{"line":66,"column":16},"end":{"line":66,"column":41}},"33":{"start":{"line":67,"column":2},"end":{"line":71,"column":5}}},"fnMap":{"0":{"name":"(anonymous_0)","decl":{"start":{"line":5,"column":19},"end":{"line":5,"column":20}},"loc":{"start":{"line":5,"column":45},"end":{"line":39,"column":1}},"line":5},"1":{"name":"(anonymous_1)","decl":{"start":{"line":41,"column":16},"end":{"line":41,"column":17}},"loc":{"start":{"line":41,"column":42},"end":{"line":63,"column":1}},"line":41},"2":{"name":"(anonymous_2)","decl":{"start":{"line":65,"column":18},"end":{"line":65,"column":19}},"loc":{"start":{"line":65,"column":51},"end":{"line":72,"column":1}},"line":65}},"branchMap":{"0":{"loc":{"start":{"line":9,"column":2},"end":{"line":11,"column":3}},"type":"if","locations":[{"start":{"line":9,"column":2},"end":{"line":11,"column":3}},{"start":{},"end":{}}],"line":9},"1":{"loc":{"start":{"line":24,"column":4},"end":{"line":31,"column":5}},"type":"if","locations":[{"start":{"line":24,"column":4},"end":{"line":31,"column":5}},{"start":{},"end":{}}],"line":24},"2":{"loc":{"start":{"line":44,"column":4},"end":{"line":46,"column":5}},"type":"if","locations":[{"start":{"line":44,"column":4},"end":{"line":46,"column":5}},{"start":{},"end":{}}],"line":44},"3":{"loc":{"start":{"line":47,"column":4},"end":{"line":49,"column":5}},"type":"if","locations":[{"start":{"line":47,"column":4},"end":{"line":49,"column":5}},{"start":{},"end":{}}],"line":47},"4":{"loc":{"start":{"line":51,"column":4},"end":{"line":53,"column":5}},"type":"if","locations":[{"start":{"line":51,"column":4},"end":{"line":53,"column":5}},{"start":{},"end":{}}],"line":51},"5":{"loc":{"start":{"line":55,"column":4},"end":{"line":57,"column":5}},"type":"if","locations":[{"start":{"line":55,"column":4},"end":{"line":57,"column":5}},{"start":{},"end":{}}],"line":55}},"s":{"0":4,"1":4,"2":4,"3":4,"4":2,"5":2,"6":2,"7":1,"8":2,"9":2,"10":2,"11":0,"12":0,"13":0,"14":0,"15":1,"16":4,"17":8,"18":8,"19":8,"20":1,"21":7,"22":1,"23":6,"24":6,"25":1,"26":5,"27":5,"28":0,"29":5,"30":1,"31":4,"32":5,"33":5},"f":{"0":2,"1":8,"2":5},"b":{"0":[1,1],"1":[0,0],"2":[1,7],"3":[1,6],"4":[1,5],"5":[0,5]},"_coverageSchema":"1a1c01bbd47fc00a2c39e90264f33305004495a9","hash":"dfdbb24ffc8cb381fb45e0f57df4909c01bbf4b8"}
,"C:\\Users\\oussa\\Desktop\\FlamenGnawa\\API\\src\\middlewares\\authentication.js": {"path":"C:\\Users\\oussa\\Desktop\\FlamenGnawa\\API\\src\\middlewares\\authentication.js","statementMap":{"0":{"start":{"line":1,"column":21},"end":{"line":1,"column":53}},"1":{"start":{"line":2,"column":12},"end":{"line":2,"column":35}},"2":{"start":{"line":3,"column":13},"end":{"line":3,"column":43}},"3":{"start":{"line":4,"column":13},"end":{"line":4,"column":43}},"4":{"start":{"line":6,"column":0},"end":{"line":19,"column":2}},"5":{"start":{"line":7,"column":22},"end":{"line":7,"column":50}},"6":{"start":{"line":8,"column":2},"end":{"line":10,"column":3}},"7":{"start":{"line":9,"column":4},"end":{"line":9,"column":58}},"8":{"start":{"line":11,"column":2},"end":{"line":18,"column":3}},"9":{"start":{"line":12,"column":18},"end":{"line":12,"column":43}},"10":{"start":{"line":13,"column":20},"end":{"line":13,"column":61}},"11":{"start":{"line":14,"column":4},"end":{"line":14,"column":47}},"12":{"start":{"line":15,"column":4},"end":{"line":15,"column":11}},"13":{"start":{"line":17,"column":4},"end":{"line":17,"column":58}},"14":{"start":{"line":21,"column":0},"end":{"line":27,"column":2}},"15":{"start":{"line":22,"column":2},"end":{"line":26,"column":3}},"16":{"start":{"line":23,"column":4},"end":{"line":23,"column":11}},"17":{"start":{"line":25,"column":4},"end":{"line":25,"column":56}},"18":{"start":{"line":29,"column":0},"end":{"line":35,"column":2}},"19":{"start":{"line":30,"column":2},"end":{"line":34,"column":3}},"20":{"start":{"line":31,"column":4},"end":{"line":31,"column":11}},"21":{"start":{"line":33,"column":4},"end":{"line":33,"column":56}},"22":{"start":{"line":37,"column":0},"end":{"line":59,"column":2}},"23":{"start":{"line":38,"column":17},"end":{"line":38,"column":40}},"24":{"start":{"line":39,"column":17},"end":{"line":39,"column":30}},"25":{"start":{"line":40,"column":20},"end":{"line":40,"column":32}},"26":{"start":{"line":41,"column":15},"end":{"line":41,"column":50}},"27":{"start":{"line":43,"column":2},"end":{"line":45,"column":3}},"28":{"start":{"line":44,"column":4},"end":{"line":44,"column":56}},"29":{"start":{"line":46,"column":18},"end":{"line":48,"column":3}},"30":{"start":{"line":47,"column":17},"end":{"line":47,"column":53}},"31":{"start":{"line":50,"column":2},"end":{"line":52,"column":3}},"32":{"start":{"line":51,"column":4},"end":{"line":51,"column":74}},"33":{"start":{"line":53,"column":22},"end":{"line":53,"column":49}},"34":{"start":{"line":55,"column":2},"end":{"line":57,"column":3}},"35":{"start":{"line":56,"column":4},"end":{"line":56,"column":66}},"36":{"start":{"line":58,"column":2},"end":{"line":58,"column":9}}},"fnMap":{"0":{"name":"(anonymous_0)","decl":{"start":{"line":6,"column":23},"end":{"line":6,"column":24}},"loc":{"start":{"line":6,"column":49},"end":{"line":19,"column":1}},"line":6},"1":{"name":"(anonymous_1)","decl":{"start":{"line":21,"column":36},"end":{"line":21,"column":37}},"loc":{"start":{"line":21,"column":62},"end":{"line":27,"column":1}},"line":21},"2":{"name":"(anonymous_2)","decl":{"start":{"line":29,"column":18},"end":{"line":29,"column":19}},"loc":{"start":{"line":29,"column":44},"end":{"line":35,"column":1}},"line":29},"3":{"name":"(anonymous_3)","decl":{"start":{"line":37,"column":22},"end":{"line":37,"column":23}},"loc":{"start":{"line":37,"column":48},"end":{"line":59,"column":1}},"line":37},"4":{"name":"(anonymous_4)","decl":{"start":{"line":47,"column":4},"end":{"line":47,"column":5}},"loc":{"start":{"line":47,"column":17},"end":{"line":47,"column":53}},"line":47}},"branchMap":{"0":{"loc":{"start":{"line":8,"column":2},"end":{"line":10,"column":3}},"type":"if","locations":[{"start":{"line":8,"column":2},"end":{"line":10,"column":3}},{"start":{},"end":{}}],"line":8},"1":{"loc":{"start":{"line":22,"column":2},"end":{"line":26,"column":3}},"type":"if","locations":[{"start":{"line":22,"column":2},"end":{"line":26,"column":3}},{"start":{"line":24,"column":9},"end":{"line":26,"column":3}}],"line":22},"2":{"loc":{"start":{"line":22,"column":6},"end":{"line":22,"column":61}},"type":"binary-expr","locations":[{"start":{"line":22,"column":6},"end":{"line":22,"column":31}},{"start":{"line":22,"column":35},"end":{"line":22,"column":61}}],"line":22},"3":{"loc":{"start":{"line":30,"column":2},"end":{"line":34,"column":3}},"type":"if","locations":[{"start":{"line":30,"column":2},"end":{"line":34,"column":3}},{"start":{"line":32,"column":9},"end":{"line":34,"column":3}}],"line":30},"4":{"loc":{"start":{"line":43,"column":2},"end":{"line":45,"column":3}},"type":"if","locations":[{"start":{"line":43,"column":2},"end":{"line":45,"column":3}},{"start":{},"end":{}}],"line":43},"5":{"loc":{"start":{"line":50,"column":2},"end":{"line":52,"column":3}},"type":"if","locations":[{"start":{"line":50,"column":2},"end":{"line":52,"column":3}},{"start":{},"end":{}}],"line":50},"6":{"loc":{"start":{"line":55,"column":2},"end":{"line":57,"column":3}},"type":"if","locations":[{"start":{"line":55,"column":2},"end":{"line":57,"column":3}},{"start":{},"end":{}}],"line":55}},"s":{"0":4,"1":4,"2":4,"3":4,"4":4,"5":14,"6":14,"7":0,"8":14,"9":14,"10":14,"11":14,"12":14,"13":0,"14":4,"15":4,"16":4,"17":0,"18":4,"19":6,"20":6,"21":0,"22":4,"23":0,"24":0,"25":0,"26":0,"27":0,"28":0,"29":0,"30":0,"31":0,"32":0,"33":0,"34":0,"35":0,"36":0},"f":{"0":14,"1":4,"2":6,"3":0,"4":0},"b":{"0":[0,14],"1":[4,0],"2":[4,0],"3":[6,0],"4":[0,0],"5":[0,0],"6":[0,0]},"_coverageSchema":"1a1c01bbd47fc00a2c39e90264f33305004495a9","hash":"9af23af432350f191920519df782ad140a7904e7"}
,"C:\\Users\\oussa\\Desktop\\FlamenGnawa\\API\\src\\middlewares\\error.js": {"path":"C:\\Users\\oussa\\Desktop\\FlamenGnawa\\API\\src\\middlewares\\error.js","statementMap":{"0":{"start":{"line":1,"column":22},"end":{"line":1,"column":54}},"1":{"start":{"line":3,"column":21},"end":{"line":26,"column":1}},"2":{"start":{"line":4,"column":14},"end":{"line":4,"column":24}},"3":{"start":{"line":5,"column":2},"end":{"line":5,"column":30}},"4":{"start":{"line":7,"column":2},"end":{"line":10,"column":3}},"5":{"start":{"line":8,"column":20},"end":{"line":8,"column":54}},"6":{"start":{"line":9,"column":4},"end":{"line":9,"column":44}},"7":{"start":{"line":12,"column":2},"end":{"line":15,"column":3}},"8":{"start":{"line":13,"column":20},"end":{"line":13,"column":52}},"9":{"start":{"line":14,"column":4},"end":{"line":14,"column":44}},"10":{"start":{"line":17,"column":2},"end":{"line":20,"column":3}},"11":{"start":{"line":18,"column":20},"end":{"line":18,"column":77}},"12":{"start":{"line":18,"column":59},"end":{"line":18,"column":76}},"13":{"start":{"line":19,"column":4},"end":{"line":19,"column":44}},"14":{"start":{"line":22,"column":2},"end":{"line":25,"column":5}},"15":{"start":{"line":28,"column":0},"end":{"line":28,"column":30}}},"fnMap":{"0":{"name":"(anonymous_0)","decl":{"start":{"line":3,"column":21},"end":{"line":3,"column":22}},"loc":{"start":{"line":3,"column":46},"end":{"line":26,"column":1}},"line":3},"1":{"name":"(anonymous_1)","decl":{"start":{"line":18,"column":50},"end":{"line":18,"column":51}},"loc":{"start":{"line":18,"column":59},"end":{"line":18,"column":76}},"line":18}},"branchMap":{"0":{"loc":{"start":{"line":7,"column":2},"end":{"line":10,"column":3}},"type":"if","locations":[{"start":{"line":7,"column":2},"end":{"line":10,"column":3}},{"start":{},"end":{}}],"line":7},"1":{"loc":{"start":{"line":12,"column":2},"end":{"line":15,"column":3}},"type":"if","locations":[{"start":{"line":12,"column":2},"end":{"line":15,"column":3}},{"start":{},"end":{}}],"line":12},"2":{"loc":{"start":{"line":17,"column":2},"end":{"line":20,"column":3}},"type":"if","locations":[{"start":{"line":17,"column":2},"end":{"line":20,"column":3}},{"start":{},"end":{}}],"line":17},"3":{"loc":{"start":{"line":22,"column":13},"end":{"line":22,"column":36}},"type":"binary-expr","locations":[{"start":{"line":22,"column":13},"end":{"line":22,"column":29}},{"start":{"line":22,"column":33},"end":{"line":22,"column":36}}],"line":22},"4":{"loc":{"start":{"line":24,"column":11},"end":{"line":24,"column":42}},"type":"binary-expr","locations":[{"start":{"line":24,"column":11},"end":{"line":24,"column":24}},{"start":{"line":24,"column":28},"end":{"line":24,"column":42}}],"line":24}},"s":{"0":4,"1":4,"2":0,"3":0,"4":0,"5":0,"6":0,"7":0,"8":0,"9":0,"10":0,"11":0,"12":0,"13":0,"14":0,"15":4},"f":{"0":0,"1":0},"b":{"0":[0,0],"1":[0,0],"2":[0,0],"3":[0,0],"4":[0,0]},"_coverageSchema":"1a1c01bbd47fc00a2c39e90264f33305004495a9","hash":"01655ee111951fede95528dd9d97ba3e5dbedd5d"}
,"C:\\Users\\oussa\\Desktop\\FlamenGnawa\\API\\src\\models\\BlogModel.js": {"path":"C:\\Users\\oussa\\Desktop\\FlamenGnawa\\API\\src\\models\\BlogModel.js","statementMap":{"0":{"start":{"line":1,"column":17},"end":{"line":1,"column":36}},"1":{"start":{"line":2,"column":21},"end":{"line":2,"column":36}},"2":{"start":{"line":4,"column":19},"end":{"line":42,"column":1}},"3":{"start":{"line":44,"column":0},"end":{"line":44,"column":53}}},"fnMap":{},"branchMap":{},"s":{"0":4,"1":4,"2":4,"3":4},"f":{},"b":{},"_coverageSchema":"1a1c01bbd47fc00a2c39e90264f33305004495a9","hash":"2674c3f1e79af015d7ed60f30382034fa4574097"}
,"C:\\Users\\oussa\\Desktop\\FlamenGnawa\\API\\src\\models\\CartModel.js": {"path":"C:\\Users\\oussa\\Desktop\\FlamenGnawa\\API\\src\\models\\CartModel.js","statementMap":{"0":{"start":{"line":1,"column":17},"end":{"line":1,"column":36}},"1":{"start":{"line":2,"column":21},"end":{"line":2,"column":36}},"2":{"start":{"line":4,"column":19},"end":{"line":20,"column":2}},"3":{"start":{"line":22,"column":0},"end":{"line":22,"column":53}}},"fnMap":{},"branchMap":{},"s":{"0":4,"1":4,"2":4,"3":4},"f":{},"b":{},"_coverageSchema":"1a1c01bbd47fc00a2c39e90264f33305004495a9","hash":"68e56ce6d2881098b6e36987ea637784a0d756e8"}
,"C:\\Users\\oussa\\Desktop\\FlamenGnawa\\API\\src\\models\\CategoryModel.js": {"path":"C:\\Users\\oussa\\Desktop\\FlamenGnawa\\API\\src\\models\\CategoryModel.js","statementMap":{"0":{"start":{"line":1,"column":17},"end":{"line":1,"column":36}},"1":{"start":{"line":3,"column":23},"end":{"line":20,"column":1}},"2":{"start":{"line":22,"column":0},"end":{"line":22,"column":62}}},"fnMap":{},"branchMap":{},"s":{"0":4,"1":4,"2":4},"f":{},"b":{},"_coverageSchema":"1a1c01bbd47fc00a2c39e90264f33305004495a9","hash":"e8863ac6e72adf34c86290f66a1d96663a6b6b97"}
,"C:\\Users\\oussa\\Desktop\\FlamenGnawa\\API\\src\\models\\EventModel.js": {"path":"C:\\Users\\oussa\\Desktop\\FlamenGnawa\\API\\src\\models\\EventModel.js","statementMap":{"0":{"start":{"line":1,"column":17},"end":{"line":1,"column":36}},"1":{"start":{"line":3,"column":20},"end":{"line":39,"column":1}},"2":{"start":{"line":41,"column":0},"end":{"line":41,"column":55}}},"fnMap":{},"branchMap":{},"s":{"0":4,"1":4,"2":4},"f":{},"b":{},"_coverageSchema":"1a1c01bbd47fc00a2c39e90264f33305004495a9","hash":"edbc52a292a5c59af1b7a0869c903fd88f1ac9a6"}
,"C:\\Users\\oussa\\Desktop\\FlamenGnawa\\API\\src\\models\\MembersModel.js": {"path":"C:\\Users\\oussa\\Desktop\\FlamenGnawa\\API\\src\\models\\MembersModel.js","statementMap":{"0":{"start":{"line":1,"column":17},"end":{"line":1,"column":36}},"1":{"start":{"line":2,"column":21},"end":{"line":2,"column":36}},"2":{"start":{"line":4,"column":21},"end":{"line":19,"column":2}},"3":{"start":{"line":22,"column":0},"end":{"line":22,"column":57}}},"fnMap":{},"branchMap":{},"s":{"0":4,"1":4,"2":4,"3":4},"f":{},"b":{},"_coverageSchema":"1a1c01bbd47fc00a2c39e90264f33305004495a9","hash":"970d85223fdc2f62a2230836c56ec99c325669ea"}
,"C:\\Users\\oussa\\Desktop\\FlamenGnawa\\API\\src\\models\\OrderModel.js": {"path":"C:\\Users\\oussa\\Desktop\\FlamenGnawa\\API\\src\\models\\OrderModel.js","statementMap":{"0":{"start":{"line":1,"column":17},"end":{"line":1,"column":36}},"1":{"start":{"line":2,"column":21},"end":{"line":2,"column":36}},"2":{"start":{"line":4,"column":20},"end":{"line":45,"column":1}},"3":{"start":{"line":47,"column":0},"end":{"line":47,"column":55}}},"fnMap":{},"branchMap":{},"s":{"0":4,"1":4,"2":4,"3":4},"f":{},"b":{},"_coverageSchema":"1a1c01bbd47fc00a2c39e90264f33305004495a9","hash":"30894360704765a63d1918eb9ec9bf9c3076e97f"}
,"C:\\Users\\oussa\\Desktop\\FlamenGnawa\\API\\src\\models\\ProductModel.js": {"path":"C:\\Users\\oussa\\Desktop\\FlamenGnawa\\API\\src\\models\\ProductModel.js","statementMap":{"0":{"start":{"line":1,"column":17},"end":{"line":1,"column":36}},"1":{"start":{"line":2,"column":21},"end":{"line":2,"column":36}},"2":{"start":{"line":4,"column":22},"end":{"line":42,"column":1}},"3":{"start":{"line":44,"column":0},"end":{"line":44,"column":59}}},"fnMap":{},"branchMap":{},"s":{"0":4,"1":4,"2":4,"3":4},"f":{},"b":{},"_coverageSchema":"1a1c01bbd47fc00a2c39e90264f33305004495a9","hash":"028f134e547a3fe030a1999c4200263ffa5410c0"}
,"C:\\Users\\oussa\\Desktop\\FlamenGnawa\\API\\src\\models\\UserModel.js": {"path":"C:\\Users\\oussa\\Desktop\\FlamenGnawa\\API\\src\\models\\UserModel.js","statementMap":{"0":{"start":{"line":1,"column":17},"end":{"line":1,"column":36}},"1":{"start":{"line":2,"column":15},"end":{"line":2,"column":32}},"2":{"start":{"line":3,"column":12},"end":{"line":3,"column":35}},"3":{"start":{"line":5,"column":19},"end":{"line":42,"column":2}},"4":{"start":{"line":44,"column":0},"end":{"line":49,"column":3}},"5":{"start":{"line":45,"column":2},"end":{"line":47,"column":3}},"6":{"start":{"line":46,"column":4},"end":{"line":46,"column":11}},"7":{"start":{"line":48,"column":2},"end":{"line":48,"column":55}},"8":{"start":{"line":51,"column":0},"end":{"line":53,"column":2}},"9":{"start":{"line":52,"column":2},"end":{"line":52,"column":62}},"10":{"start":{"line":55,"column":0},"end":{"line":57,"column":2}},"11":{"start":{"line":56,"column":2},"end":{"line":56,"column":80}},"12":{"start":{"line":59,"column":0},"end":{"line":59,"column":53}}},"fnMap":{"0":{"name":"(anonymous_0)","decl":{"start":{"line":44,"column":23},"end":{"line":44,"column":24}},"loc":{"start":{"line":44,"column":45},"end":{"line":49,"column":1}},"line":44},"1":{"name":"(anonymous_1)","decl":{"start":{"line":51,"column":37},"end":{"line":51,"column":38}},"loc":{"start":{"line":51,"column":70},"end":{"line":53,"column":1}},"line":51},"2":{"name":"(anonymous_2)","decl":{"start":{"line":55,"column":34},"end":{"line":55,"column":35}},"loc":{"start":{"line":55,"column":46},"end":{"line":57,"column":1}},"line":55}},"branchMap":{"0":{"loc":{"start":{"line":45,"column":2},"end":{"line":47,"column":3}},"type":"if","locations":[{"start":{"line":45,"column":2},"end":{"line":47,"column":3}},{"start":{},"end":{}}],"line":45}},"s":{"0":4,"1":4,"2":4,"3":4,"4":4,"5":1,"6":0,"7":1,"8":4,"9":5,"10":4,"11":5,"12":4},"f":{"0":1,"1":5,"2":5},"b":{"0":[0,1]},"_coverageSchema":"1a1c01bbd47fc00a2c39e90264f33305004495a9","hash":"0a5554fc6b712bfd9e3b79c4342d4319147d17c8"}
,"C:\\Users\\oussa\\Desktop\\FlamenGnawa\\API\\src\\routes\\blog.js": {"path":"C:\\Users\\oussa\\Desktop\\FlamenGnawa\\API\\src\\routes\\blog.js","statementMap":{"0":{"start":{"line":1,"column":16},"end":{"line":1,"column":34}},"1":{"start":{"line":12,"column":4},"end":{"line":12,"column":44}},"2":{"start":{"line":17,"column":4},"end":{"line":17,"column":44}},"3":{"start":{"line":18,"column":15},"end":{"line":18,"column":31}},"4":{"start":{"line":20,"column":0},"end":{"line":20,"column":37}},"5":{"start":{"line":21,"column":0},"end":{"line":21,"column":37}},"6":{"start":{"line":22,"column":0},"end":{"line":22,"column":76}},"7":{"start":{"line":23,"column":0},"end":{"line":23,"column":79}},"8":{"start":{"line":24,"column":0},"end":{"line":24,"column":82}},"9":{"start":{"line":26,"column":0},"end":{"line":26,"column":50}},"10":{"start":{"line":27,"column":0},"end":{"line":27,"column":54}},"11":{"start":{"line":29,"column":0},"end":{"line":29,"column":58}},"12":{"start":{"line":30,"column":0},"end":{"line":30,"column":77}},"13":{"start":{"line":32,"column":0},"end":{"line":32,"column":24}}},"fnMap":{},"branchMap":{},"s":{"0":4,"1":4,"2":4,"3":4,"4":4,"5":4,"6":4,"7":4,"8":4,"9":4,"10":4,"11":4,"12":4,"13":4},"f":{},"b":{},"_coverageSchema":"1a1c01bbd47fc00a2c39e90264f33305004495a9","hash":"59c00fac0ebf2ec4852dea79095c658be491dc47"}
,"C:\\Users\\oussa\\Desktop\\FlamenGnawa\\API\\src\\routes\\cart.js": {"path":"C:\\Users\\oussa\\Desktop\\FlamenGnawa\\API\\src\\routes\\cart.js","statementMap":{"0":{"start":{"line":1,"column":16},"end":{"line":1,"column":34}},"1":{"start":{"line":2,"column":15},"end":{"line":2,"column":31}},"2":{"start":{"line":3,"column":25},"end":{"line":3,"column":65}},"3":{"start":{"line":4,"column":59},"end":{"line":4,"column":99}},"4":{"start":{"line":6,"column":0},"end":{"line":6,"column":49}},"5":{"start":{"line":7,"column":0},"end":{"line":7,"column":59}},"6":{"start":{"line":9,"column":0},"end":{"line":9,"column":51}},"7":{"start":{"line":11,"column":0},"end":{"line":11,"column":24}}},"fnMap":{},"branchMap":{},"s":{"0":4,"1":4,"2":4,"3":4,"4":4,"5":4,"6":4,"7":4},"f":{},"b":{},"_coverageSchema":"1a1c01bbd47fc00a2c39e90264f33305004495a9","hash":"a3595d4d8e7f57907e0a8d3b3afcee25b6741b51"}
,"C:\\Users\\oussa\\Desktop\\FlamenGnawa\\API\\src\\routes\\category.js": {"path":"C:\\Users\\oussa\\Desktop\\FlamenGnawa\\API\\src\\routes\\category.js","statementMap":{"0":{"start":{"line":1,"column":16},"end":{"line":1,"column":34}},"1":{"start":{"line":2,"column":15},"end":{"line":2,"column":31}},"2":{"start":{"line":9,"column":4},"end":{"line":9,"column":48}},"3":{"start":{"line":10,"column":34},"end":{"line":10,"column":74}},"4":{"start":{"line":12,"column":0},"end":{"line":12,"column":62}},"5":{"start":{"line":13,"column":0},"end":{"line":13,"column":65}},"6":{"start":{"line":14,"column":0},"end":{"line":14,"column":68}},"7":{"start":{"line":16,"column":0},"end":{"line":16,"column":47}},"8":{"start":{"line":17,"column":0},"end":{"line":17,"column":45}},"9":{"start":{"line":19,"column":0},"end":{"line":19,"column":24}}},"fnMap":{},"branchMap":{},"s":{"0":4,"1":4,"2":4,"3":4,"4":4,"5":4,"6":4,"7":4,"8":4,"9":4},"f":{},"b":{},"_coverageSchema":"1a1c01bbd47fc00a2c39e90264f33305004495a9","hash":"e4a99cbb2fd0a1676d4625d2a65ba852f0371a1d"}
,"C:\\Users\\oussa\\Desktop\\FlamenGnawa\\API\\src\\routes\\event.js": {"path":"C:\\Users\\oussa\\Desktop\\FlamenGnawa\\API\\src\\routes\\event.js","statementMap":{"0":{"start":{"line":1,"column":16},"end":{"line":1,"column":34}},"1":{"start":{"line":2,"column":15},"end":{"line":2,"column":31}},"2":{"start":{"line":3,"column":34},"end":{"line":3,"column":74}},"3":{"start":{"line":4,"column":78},"end":{"line":4,"column":119}},"4":{"start":{"line":6,"column":0},"end":{"line":6,"column":59}},"5":{"start":{"line":7,"column":0},"end":{"line":7,"column":62}},"6":{"start":{"line":8,"column":0},"end":{"line":8,"column":65}},"7":{"start":{"line":10,"column":0},"end":{"line":10,"column":39}},"8":{"start":{"line":11,"column":0},"end":{"line":11,"column":39}},"9":{"start":{"line":13,"column":0},"end":{"line":13,"column":24}}},"fnMap":{},"branchMap":{},"s":{"0":4,"1":4,"2":4,"3":4,"4":4,"5":4,"6":4,"7":4,"8":4,"9":4},"f":{},"b":{},"_coverageSchema":"1a1c01bbd47fc00a2c39e90264f33305004495a9","hash":"a7eda802e371e92eee34c4cbe8403344d5f176a4"}
,"C:\\Users\\oussa\\Desktop\\FlamenGnawa\\API\\src\\routes\\index.js": {"path":"C:\\Users\\oussa\\Desktop\\FlamenGnawa\\API\\src\\routes\\index.js","statementMap":{"0":{"start":{"line":1,"column":16},"end":{"line":1,"column":34}},"1":{"start":{"line":2,"column":15},"end":{"line":2,"column":31}},"2":{"start":{"line":4,"column":19},"end":{"line":4,"column":36}},"3":{"start":{"line":5,"column":0},"end":{"line":5,"column":32}},"4":{"start":{"line":7,"column":19},"end":{"line":7,"column":36}},"5":{"start":{"line":8,"column":0},"end":{"line":8,"column":32}},"6":{"start":{"line":10,"column":22},"end":{"line":10,"column":42}},"7":{"start":{"line":11,"column":0},"end":{"line":11,"column":39}},"8":{"start":{"line":13,"column":23},"end":{"line":13,"column":44}},"9":{"start":{"line":14,"column":0},"end":{"line":14,"column":42}},"10":{"start":{"line":16,"column":20},"end":{"line":16,"column":38}},"11":{"start":{"line":17,"column":0},"end":{"line":17,"column":35}},"12":{"start":{"line":19,"column":20},"end":{"line":19,"column":38}},"13":{"start":{"line":20,"column":0},"end":{"line":20,"column":35}},"14":{"start":{"line":22,"column":21},"end":{"line":22,"column":41}},"15":{"start":{"line":23,"column":0},"end":{"line":23,"column":37}},"16":{"start":{"line":24,"column":19},"end":{"line":24,"column":36}},"17":{"start":{"line":25,"column":0},"end":{"line":25,"column":32}},"18":{"start":{"line":27,"column":21},"end":{"line":27,"column":40}},"19":{"start":{"line":28,"column":0},"end":{"line":28,"column":36}},"20":{"start":{"line":30,"column":0},"end":{"line":30,"column":24}}},"fnMap":{},"branchMap":{},"s":{"0":4,"1":4,"2":4,"3":4,"4":4,"5":4,"6":4,"7":4,"8":4,"9":4,"10":4,"11":4,"12":4,"13":4,"14":4,"15":4,"16":4,"17":4,"18":4,"19":4,"20":4},"f":{},"b":{},"_coverageSchema":"1a1c01bbd47fc00a2c39e90264f33305004495a9","hash":"3810cbe92163f41d6e9afaf1288a5b5504204217"}
,"C:\\Users\\oussa\\Desktop\\FlamenGnawa\\API\\src\\routes\\members.js": {"path":"C:\\Users\\oussa\\Desktop\\FlamenGnawa\\API\\src\\routes\\members.js","statementMap":{"0":{"start":{"line":1,"column":16},"end":{"line":1,"column":34}},"1":{"start":{"line":2,"column":15},"end":{"line":2,"column":31}},"2":{"start":{"line":3,"column":34},"end":{"line":3,"column":74}},"3":{"start":{"line":4,"column":69},"end":{"line":4,"column":111}},"4":{"start":{"line":6,"column":0},"end":{"line":6,"column":63}},"5":{"start":{"line":7,"column":0},"end":{"line":7,"column":66}},"6":{"start":{"line":9,"column":0},"end":{"line":9,"column":41}},"7":{"start":{"line":10,"column":0},"end":{"line":10,"column":41}},"8":{"start":{"line":12,"column":0},"end":{"line":12,"column":24}}},"fnMap":{},"branchMap":{},"s":{"0":4,"1":4,"2":4,"3":4,"4":4,"5":4,"6":4,"7":4,"8":4},"f":{},"b":{},"_coverageSchema":"1a1c01bbd47fc00a2c39e90264f33305004495a9","hash":"c196de914d0181c4b043c0fe1b2196d688fbe727"}
,"C:\\Users\\oussa\\Desktop\\FlamenGnawa\\API\\src\\routes\\order.js": {"path":"C:\\Users\\oussa\\Desktop\\FlamenGnawa\\API\\src\\routes\\order.js","statementMap":{"0":{"start":{"line":1,"column":16},"end":{"line":1,"column":34}},"1":{"start":{"line":2,"column":15},"end":{"line":2,"column":31}},"2":{"start":{"line":3,"column":34},"end":{"line":3,"column":74}},"3":{"start":{"line":4,"column":78},"end":{"line":4,"column":119}},"4":{"start":{"line":6,"column":0},"end":{"line":6,"column":50}},"5":{"start":{"line":7,"column":0},"end":{"line":7,"column":62}},"6":{"start":{"line":8,"column":0},"end":{"line":8,"column":65}},"7":{"start":{"line":10,"column":0},"end":{"line":10,"column":53}},"8":{"start":{"line":11,"column":0},"end":{"line":11,"column":53}},"9":{"start":{"line":13,"column":0},"end":{"line":13,"column":24}}},"fnMap":{},"branchMap":{},"s":{"0":4,"1":4,"2":4,"3":4,"4":4,"5":4,"6":4,"7":4,"8":4,"9":4},"f":{},"b":{},"_coverageSchema":"1a1c01bbd47fc00a2c39e90264f33305004495a9","hash":"e49393cb88f9ca8bfc18e0a26e2a0de80f681595"}
,"C:\\Users\\oussa\\Desktop\\FlamenGnawa\\API\\src\\routes\\product.js": {"path":"C:\\Users\\oussa\\Desktop\\FlamenGnawa\\API\\src\\routes\\product.js","statementMap":{"0":{"start":{"line":1,"column":16},"end":{"line":1,"column":34}},"1":{"start":{"line":2,"column":15},"end":{"line":2,"column":31}},"2":{"start":{"line":9,"column":4},"end":{"line":9,"column":47}},"3":{"start":{"line":10,"column":34},"end":{"line":10,"column":74}},"4":{"start":{"line":12,"column":0},"end":{"line":12,"column":61}},"5":{"start":{"line":13,"column":0},"end":{"line":13,"column":64}},"6":{"start":{"line":14,"column":0},"end":{"line":14,"column":67}},"7":{"start":{"line":16,"column":0},"end":{"line":16,"column":43}},"8":{"start":{"line":17,"column":0},"end":{"line":17,"column":43}},"9":{"start":{"line":19,"column":0},"end":{"line":19,"column":24}}},"fnMap":{},"branchMap":{},"s":{"0":4,"1":4,"2":4,"3":4,"4":4,"5":4,"6":4,"7":4,"8":4,"9":4},"f":{},"b":{},"_coverageSchema":"1a1c01bbd47fc00a2c39e90264f33305004495a9","hash":"6247db80aeed17066be6df57b6ca8cecbfd7dfb2"}
,"C:\\Users\\oussa\\Desktop\\FlamenGnawa\\API\\src\\routes\\stripe.js": {"path":"C:\\Users\\oussa\\Desktop\\FlamenGnawa\\API\\src\\routes\\stripe.js","statementMap":{"0":{"start":{"line":1,"column":16},"end":{"line":1,"column":34}},"1":{"start":{"line":2,"column":15},"end":{"line":2,"column":32}},"2":{"start":{"line":3,"column":11},"end":{"line":3,"column":24}},"3":{"start":{"line":4,"column":13},"end":{"line":4,"column":28}},"4":{"start":{"line":5,"column":15},"end":{"line":5,"column":45}},"5":{"start":{"line":6,"column":15},"end":{"line":6,"column":31}},"6":{"start":{"line":8,"column":0},"end":{"line":83,"column":3}},"7":{"start":{"line":9,"column":21},"end":{"line":23,"column":4}},"8":{"start":{"line":10,"column":4},"end":{"line":22,"column":6}},"9":{"start":{"line":24,"column":18},"end":{"line":78,"column":4}},"10":{"start":{"line":80,"column":2},"end":{"line":82,"column":5}},"11":{"start":{"line":85,"column":0},"end":{"line":107,"column":5}},"12":{"start":{"line":86,"column":18},"end":{"line":86,"column":30}},"13":{"start":{"line":89,"column":4},"end":{"line":103,"column":5}},"14":{"start":{"line":91,"column":30},"end":{"line":91,"column":47}},"15":{"start":{"line":94,"column":8},"end":{"line":94,"column":14}},"16":{"start":{"line":96,"column":30},"end":{"line":96,"column":47}},"17":{"start":{"line":99,"column":8},"end":{"line":99,"column":14}},"18":{"start":{"line":102,"column":8},"end":{"line":102,"column":58}},"19":{"start":{"line":106,"column":4},"end":{"line":106,"column":36}},"20":{"start":{"line":109,"column":0},"end":{"line":109,"column":24}}},"fnMap":{"0":{"name":"(anonymous_0)","decl":{"start":{"line":8,"column":40},"end":{"line":8,"column":41}},"loc":{"start":{"line":8,"column":60},"end":{"line":83,"column":1}},"line":8},"1":{"name":"(anonymous_1)","decl":{"start":{"line":9,"column":44},"end":{"line":9,"column":45}},"loc":{"start":{"line":9,"column":54},"end":{"line":23,"column":3}},"line":9},"2":{"name":"(anonymous_2)","decl":{"start":{"line":85,"column":66},"end":{"line":85,"column":67}},"loc":{"start":{"line":85,"column":89},"end":{"line":107,"column":3}},"line":85}},"branchMap":{"0":{"loc":{"start":{"line":89,"column":4},"end":{"line":103,"column":5}},"type":"switch","locations":[{"start":{"line":90,"column":6},"end":{"line":94,"column":14}},{"start":{"line":95,"column":6},"end":{"line":99,"column":14}},{"start":{"line":101,"column":6},"end":{"line":102,"column":58}}],"line":89}},"s":{"0":4,"1":4,"2":4,"3":4,"4":4,"5":4,"6":4,"7":0,"8":0,"9":0,"10":0,"11":4,"12":0,"13":0,"14":0,"15":0,"16":0,"17":0,"18":0,"19":0,"20":4},"f":{"0":0,"1":0,"2":0},"b":{"0":[0,0,0]},"_coverageSchema":"1a1c01bbd47fc00a2c39e90264f33305004495a9","hash":"6aa247723764dbb51999c15482012dcfd60265f5"}
,"C:\\Users\\oussa\\Desktop\\FlamenGnawa\\API\\src\\routes\\user.js": {"path":"C:\\Users\\oussa\\Desktop\\FlamenGnawa\\API\\src\\routes\\user.js","statementMap":{"0":{"start":{"line":1,"column":16},"end":{"line":1,"column":34}},"1":{"start":{"line":2,"column":15},"end":{"line":2,"column":31}},"2":{"start":{"line":3,"column":28},"end":{"line":3,"column":68}},"3":{"start":{"line":5,"column":0},"end":{"line":5,"column":35}},"4":{"start":{"line":6,"column":0},"end":{"line":6,"column":29}},"5":{"start":{"line":7,"column":0},"end":{"line":7,"column":22}},"6":{"start":{"line":8,"column":0},"end":{"line":8,"column":22}},"7":{"start":{"line":10,"column":0},"end":{"line":10,"column":24}}},"fnMap":{},"branchMap":{},"s":{"0":4,"1":4,"2":4,"3":4,"4":4,"5":4,"6":4,"7":4},"f":{},"b":{},"_coverageSchema":"1a1c01bbd47fc00a2c39e90264f33305004495a9","hash":"08bdf19aa96b6cdec76ba0d2c4487d91e565747c"}
,"C:\\Users\\oussa\\Desktop\\FlamenGnawa\\API\\src\\utils\\errorHandler.js": {"path":"C:\\Users\\oussa\\Desktop\\FlamenGnawa\\API\\src\\utils\\errorHandler.js","statementMap":{"0":{"start":{"line":3,"column":4},"end":{"line":3,"column":19}},"1":{"start":{"line":4,"column":4},"end":{"line":4,"column":33}},"2":{"start":{"line":8,"column":0},"end":{"line":8,"column":30}}},"fnMap":{"0":{"name":"(anonymous_0)","decl":{"start":{"line":2,"column":2},"end":{"line":2,"column":3}},"loc":{"start":{"line":2,"column":35},"end":{"line":5,"column":3}},"line":2}},"branchMap":{},"s":{"0":12,"1":12,"2":4},"f":{"0":12},"b":{},"_coverageSchema":"1a1c01bbd47fc00a2c39e90264f33305004495a9","hash":"f0693fc61f6906a8bd6c4d7d3fd9356f2f6d92c2"}
}
